This is pdfTeX, Version 3.1415926-2.4-1.40.13 (MiKTeX 2.9) (preloaded format=latex 2013.2.22)  3 MAY 2013 00:48
entering extended mode
**projectreport_mt11024.tex

(c:\Users\Megha\Documents\LEdProjects\CourseProject_MT11024\projectreport_mt110
24.tex
LaTeX2e <2011/06/27>
Babel <v3.8m> and hyphenation patterns for english, afrikaans, ancientgreek, ar
abic, armenian, assamese, basque, bengali, bokmal, bulgarian, catalan, coptic, 
croatian, czech, danish, dutch, esperanto, estonian, farsi, finnish, french, ga
lician, german, german-x-2012-05-30, greek, gujarati, hindi, hungarian, iceland
ic, indonesian, interlingua, irish, italian, kannada, kurmanji, latin, latvian,
 lithuanian, malayalam, marathi, mongolian, mongolianlmc, monogreek, ngerman, n
german-x-2012-05-30, nynorsk, oriya, panjabi, pinyin, polish, portuguese, roman
ian, russian, sanskrit, serbian, slovak, slovenian, spanish, swedish, swissgerm
an, tamil, telugu, turkish, turkmen, ukenglish, ukrainian, uppersorbian, usengl
ishmax, welsh, loaded.
(C:\Users\Megha\AppData\Roaming\MiKTeX\2.9\tex\latex\ieeetran\IEEEtran.cls
Document Class: IEEEtran 2012/12/27 V1.8 by Michael Shell
-- See the "IEEEtran_HOWTO" manual for usage information.
-- http://www.michaelshell.org/tex/ieeetran/
\@IEEEtrantmpdimenA=\dimen102
\@IEEEtrantmpdimenB=\dimen103
\@IEEEtrantmpcountA=\count79
\@IEEEtrantmpcountB=\count80
\@IEEEtrantmptoksA=\toks14
LaTeX Font Info:    Try loading font information for OT1+ptm on input line 368.

("C:\Program Files\MiKTeX 2.9\tex\latex\psnfss\ot1ptm.fd"
File: ot1ptm.fd 2001/06/04 font definitions for OT1/ptm.
)
-- Using 8.5in x 11in (letter) paper.
-- Using DVI output.
\@IEEEnormalsizeunitybaselineskip=\dimen104
-- This is a 10 point document.
\CLASSINFOnormalsizebaselineskip=\dimen105
\CLASSINFOnormalsizeunitybaselineskip=\dimen106
\IEEEnormaljot=\dimen107
LaTeX Font Info:    Font shape `OT1/ptm/bx/n' in size <5> not available
(Font)              Font shape `OT1/ptm/b/n' tried instead on input line 726.
LaTeX Font Info:    Font shape `OT1/ptm/bx/it' in size <5> not available
(Font)              Font shape `OT1/ptm/b/it' tried instead on input line 726.
LaTeX Font Info:    Font shape `OT1/ptm/bx/n' in size <7> not available
(Font)              Font shape `OT1/ptm/b/n' tried instead on input line 726.
LaTeX Font Info:    Font shape `OT1/ptm/bx/it' in size <7> not available
(Font)              Font shape `OT1/ptm/b/it' tried instead on input line 726.
LaTeX Font Info:    Font shape `OT1/ptm/bx/n' in size <8> not available
(Font)              Font shape `OT1/ptm/b/n' tried instead on input line 726.
LaTeX Font Info:    Font shape `OT1/ptm/bx/it' in size <8> not available
(Font)              Font shape `OT1/ptm/b/it' tried instead on input line 726.
LaTeX Font Info:    Font shape `OT1/ptm/bx/n' in size <9> not available
(Font)              Font shape `OT1/ptm/b/n' tried instead on input line 726.
LaTeX Font Info:    Font shape `OT1/ptm/bx/it' in size <9> not available
(Font)              Font shape `OT1/ptm/b/it' tried instead on input line 726.
LaTeX Font Info:    Font shape `OT1/ptm/bx/n' in size <10> not available
(Font)              Font shape `OT1/ptm/b/n' tried instead on input line 726.
LaTeX Font Info:    Font shape `OT1/ptm/bx/it' in size <10> not available
(Font)              Font shape `OT1/ptm/b/it' tried instead on input line 726.
LaTeX Font Info:    Font shape `OT1/ptm/bx/n' in size <11> not available
(Font)              Font shape `OT1/ptm/b/n' tried instead on input line 726.
LaTeX Font Info:    Font shape `OT1/ptm/bx/it' in size <11> not available
(Font)              Font shape `OT1/ptm/b/it' tried instead on input line 726.
LaTeX Font Info:    Font shape `OT1/ptm/bx/n' in size <12> not available
(Font)              Font shape `OT1/ptm/b/n' tried instead on input line 726.
LaTeX Font Info:    Font shape `OT1/ptm/bx/it' in size <12> not available
(Font)              Font shape `OT1/ptm/b/it' tried instead on input line 726.
LaTeX Font Info:    Font shape `OT1/ptm/bx/n' in size <17> not available
(Font)              Font shape `OT1/ptm/b/n' tried instead on input line 726.
LaTeX Font Info:    Font shape `OT1/ptm/bx/it' in size <17> not available
(Font)              Font shape `OT1/ptm/b/it' tried instead on input line 726.
LaTeX Font Info:    Font shape `OT1/ptm/bx/n' in size <20> not available
(Font)              Font shape `OT1/ptm/b/n' tried instead on input line 726.
LaTeX Font Info:    Font shape `OT1/ptm/bx/it' in size <20> not available
(Font)              Font shape `OT1/ptm/b/it' tried instead on input line 726.
LaTeX Font Info:    Font shape `OT1/ptm/bx/n' in size <24> not available
(Font)              Font shape `OT1/ptm/b/n' tried instead on input line 726.
LaTeX Font Info:    Font shape `OT1/ptm/bx/it' in size <24> not available
(Font)              Font shape `OT1/ptm/b/it' tried instead on input line 726.
\IEEEilabelindentA=\dimen108
\IEEEilabelindentB=\dimen109
\IEEEilabelindent=\dimen110
\IEEEelabelindent=\dimen111
\IEEEdlabelindent=\dimen112
\IEEElabelindent=\dimen113
\IEEEiednormlabelsep=\dimen114
\IEEEiedmathlabelsep=\dimen115
\IEEEiedtopsep=\skip41
\c@section=\count81
\c@subsection=\count82
\c@subsubsection=\count83
\c@paragraph=\count84
\c@IEEEsubequation=\count85
\abovecaptionskip=\skip42
\belowcaptionskip=\skip43
\c@figure=\count86
\c@table=\count87
\@IEEEeqnnumcols=\count88
\@IEEEeqncolcnt=\count89
\@IEEEsubeqnnumrollback=\count90
\@IEEEtmpitemindent=\dimen116
\c@IEEEbiography=\count91
\@IEEEtranrubishbin=\box26
)

LaTeX Warning: Unused global option(s):
    [compsocconf].


(c:\Users\Megha\Documents\LEdProjects\CourseProject_MT11024\projectreport_mt110
24.aux)
LaTeX Font Info:    Checking defaults for OML/cmm/m/it on input line 11.
LaTeX Font Info:    ... okay on input line 11.
LaTeX Font Info:    Checking defaults for T1/cmr/m/n on input line 11.
LaTeX Font Info:    ... okay on input line 11.
LaTeX Font Info:    Checking defaults for OT1/cmr/m/n on input line 11.
LaTeX Font Info:    ... okay on input line 11.
LaTeX Font Info:    Checking defaults for OMS/cmsy/m/n on input line 11.
LaTeX Font Info:    ... okay on input line 11.
LaTeX Font Info:    Checking defaults for OMX/cmex/m/n on input line 11.
LaTeX Font Info:    ... okay on input line 11.
LaTeX Font Info:    Checking defaults for U/cmr/m/n on input line 11.
LaTeX Font Info:    ... okay on input line 11.

Underfull \hbox (badness 2261) in paragraph at lines 25--32
\OT1/ptm/b/n/9 method of dig-i-tiz-ing printed texts so that they can be
 []


Underfull \hbox (badness 10000) in paragraph at lines 25--32

 []


Underfull \hbox (badness 3118) in paragraph at lines 40--48
\OT1/ptm/m/n/10 OCR deals with the prob-lem of recog-nis-ing op-ti-cally
 []


Underfull \hbox (badness 4168) in paragraph at lines 40--48
\OT1/ptm/m/n/10 plate read-ers, form read-ers, Sig-na-ture ver-i-fi-ca-tion and

 []


Underfull \hbox (badness 2626) in paragraph at lines 40--48
\OT1/ptm/m/n/10 News-pa-per Ar-ti-cles in the hold-ings of [[]]. One such
 []


Underfull \hbox (badness 1769) in paragraph at lines 40--48
\OT1/ptm/m/n/10 news-pa-per, The Amador Ledger pub-lished in the early
 []


Underfull \hbox (badness 10000) in paragraph at lines 40--48

 []


Underfull \hbox (badness 10000) in paragraph at lines 54--55

 []


Underfull \hbox (badness 10000) in paragraph at lines 56--57

 []


Underfull \hbox (badness 10000) in paragraph at lines 58--59

 []


Underfull \hbox (badness 10000) in paragraph at lines 60--61

 []


Underfull \hbox (badness 1533) in paragraph at lines 62--63
 \OT1/ptm/m/it/10 5) Soft-ware: [][] []\OT1/ptm/m/n/10 Py-Lucene 3.6.2, a Pytho
n ex-ten-sion for
 []


Underfull \hbox (badness 4872) in paragraph at lines 62--63
\OT1/ptm/m/n/10 li-brary for en-abling full text in-dex-ing and search-ing
 []


Underfull \hbox (badness 10000) in paragraph at lines 62--63

 []

[1


]
Underfull \hbox (badness 10000) in paragraph at lines 70--71

 []


Underfull \hbox (badness 10000) in paragraph at lines 72--85
\OT1/ptm/m/n/10 http://chroniclingamerica.loc.gov/lccn/sn93052980/1900-01-
 []


Underfull \hbox (badness 10000) in paragraph at lines 72--85
\OT1/ptm/m/n/10 http://chroniclingamerica.loc.gov/lccn/sn93052980/1900-01-
 []


Underfull \hbox (badness 10000) in paragraph at lines 72--85
\OT1/ptm/m/n/10 http://chroniclingamerica.loc.gov/lccn/sn93052980/1900-01-
 []


Underfull \hbox (badness 10000) in paragraph at lines 72--85
\OT1/ptm/m/n/10 http://chroniclingamerica.loc.gov/lccn/sn93052980/1900-01-
 []


Underfull \hbox (badness 10000) in paragraph at lines 72--85
\OT1/ptm/m/n/10 http://chroniclingamerica.loc.gov/lccn/sn93052980/1900-01-
 []


Underfull \hbox (badness 10000) in paragraph at lines 72--85
\OT1/ptm/m/n/10 http://chroniclingamerica.loc.gov/lccn/sn93052980/1900-01-
 []


Underfull \hbox (badness 10000) in paragraph at lines 72--85
\OT1/ptm/m/n/10 http://chroniclingamerica.loc.gov/lccn/sn93052980/1900-01-
 []


Underfull \hbox (badness 10000) in paragraph at lines 72--85
\OT1/ptm/m/n/10 http://chroniclingamerica.loc.gov/lccn/sn93052980/1900-01-
 []


Underfull \hbox (badness 10000) in paragraph at lines 72--85

 []


Underfull \hbox (badness 10000) in paragraph at lines 86--87

 []


Underfull \hbox (badness 1701) in paragraph at lines 89--92
\OT1/ptm/m/n/10 Lucene's log-i-cal View of In-dex files fea-tures seg-ments
 []


Underfull \hbox (badness 10000) in paragraph at lines 89--92

 []


Underfull \hbox (badness 3612) in paragraph at lines 95--97
\OT1/ptm/m/n/10 The doc-u-ments re-trieved are ranked ac-cord-ing to the
 []


Underfull \hbox (badness 10000) in paragraph at lines 95--97

 []


Underfull \hbox (badness 10000) in paragraph at lines 99--101

 []


Underfull \hbox (badness 10000) in paragraph at lines 102--113

 []


Underfull \hbox (badness 10000) in paragraph at lines 114--115

 []


Underfull \hbox (badness 10000) in paragraph at lines 116--122

 []

LaTeX Font Info:    External font `cmex10' loaded for size
(Font)              <7> on input line 129.
LaTeX Font Info:    External font `cmex10' loaded for size
(Font)              <5> on input line 129.

Underfull \hbox (badness 3471) in paragraph at lines 126--130
\OT1/ptm/m/n/10 Spearman's co-ef-fi-cient, like any cor-re-la-tion cal-cu-la-ti
on,
 []


Underfull \hbox (badness 10000) in paragraph at lines 126--130

 []

[2]
Underfull \hbox (badness 10000) in paragraph at lines 131--133

 []


Overfull \hbox (8.04152pt too wide) in paragraph at lines 136--150
[][][] 
 []


Underfull \hbox (badness 10000) in paragraph at lines 136--150

 []


Underfull \hbox (badness 10000) in paragraph at lines 136--150

 []


Overfull \hbox (8.04152pt too wide) in paragraph at lines 153--167
[][][] 
 []


Underfull \hbox (badness 10000) in paragraph at lines 153--167

 []


Underfull \hbox (badness 10000) in paragraph at lines 153--167

 []


Underfull \hbox (badness 2970) in paragraph at lines 168--170
[][]\OT1/ptm/m/n/10 The av-er-age value of Spear-man's ranked cor-re-la-tion
 []


Underfull \hbox (badness 10000) in paragraph at lines 168--170

 []


Underfull \hbox (badness 10000) in paragraph at lines 177--178

 []


Underfull \hbox (badness 10000) in paragraph at lines 183--185

 []


Underfull \hbox (badness 10000) in paragraph at lines 189--190

 []


(c:\Users\Megha\Documents\LEdProjects\CourseProject_MT11024\projectreport_mt110
24.bbl)

** Conference Paper **
Before submitting the final camera ready copy, remember to:

 1. Manually equalize the lengths of two columns on the last page
 of your paper;

 2. Ensure that any PostScript and/or PDF output post-processing
 uses only Type 1 fonts and that every step in the generation
 process uses the appropriate paper size.

[3]
(c:\Users\Megha\Documents\LEdProjects\CourseProject_MT11024\projectreport_mt110
24.aux) ) 
Here is how much of TeX's memory you used:
 915 strings out of 493922
 16843 string characters out of 3147305
 75498 words of memory out of 3000000
 4283 multiletter control sequences out of 15000+200000
 25356 words of font info for 55 fonts, out of 3000000 for 9000
 844 hyphenation exceptions out of 8191
 26i,8n,21p,692b,240s stack positions out of 5000i,500n,10000p,200000b,50000s

Output written on projectreport_mt11024.dvi (3 pages, 23232 bytes).
