This is pdfTeX, Version 3.1415926-2.5-1.40.14 (TeX Live 2013) (format=pdflatex 2013.10.11)  13 JAN 2015 15:56
entering extended mode
 restricted \write18 enabled.
 file:line:error style messages enabled.
 %&-line parsing enabled.
**ijcai15.tex
(./ijcai15.tex
LaTeX2e <2011/06/27>
Babel <3.9f> and hyphenation patterns for 78 languages loaded.
IJCAI-15 Instructions for Authors
(/usr/local/texlive/2013/texmf-dist/tex/latex/base/article.cls
Document Class: article 2007/10/19 v1.4h Standard LaTeX document class
(/usr/local/texlive/2013/texmf-dist/tex/latex/base/size10.clo
File: size10.clo 2007/10/19 v1.4h Standard LaTeX file (size option)
)
\c@part=\count79
\c@section=\count80
\c@subsection=\count81
\c@subsubsection=\count82
\c@paragraph=\count83
\c@subparagraph=\count84
\c@figure=\count85
\c@table=\count86
\abovecaptionskip=\skip41
\belowcaptionskip=\skip42
\bibindent=\dimen102
) (./ijcai15.sty
Conference Style, version of 6 September 1995 (revised Nov 2010)
\titlebox=\skip43
Named Citation Style, version of 30 November 1994
) (/usr/local/texlive/2013/texmf-dist/tex/latex/psnfss/times.sty
Package: times 2005/04/12 PSNFSS-v9.2a (SPQR) 
)
(/usr/local/texlive/2013/texmf-dist/tex/latex/graphics/graphicx.sty
Package: graphicx 1999/02/16 v1.0f Enhanced LaTeX Graphics (DPC,SPQR)

(/usr/local/texlive/2013/texmf-dist/tex/latex/graphics/keyval.sty
Package: keyval 1999/03/16 v1.13 key=value parser (DPC)
\KV@toks@=\toks14
)
(/usr/local/texlive/2013/texmf-dist/tex/latex/graphics/graphics.sty
Package: graphics 2009/02/05 v1.0o Standard LaTeX Graphics (DPC,SPQR)

(/usr/local/texlive/2013/texmf-dist/tex/latex/graphics/trig.sty
Package: trig 1999/03/16 v1.09 sin cos tan (DPC)
)
(/usr/local/texlive/2013/texmf-dist/tex/latex/latexconfig/graphics.cfg
File: graphics.cfg 2010/04/23 v1.9 graphics configuration of TeX Live
)
Package graphics Info: Driver file: pdftex.def on input line 91.

(/usr/local/texlive/2013/texmf-dist/tex/latex/pdftex-def/pdftex.def
File: pdftex.def 2011/05/27 v0.06d Graphics/color for pdfTeX

(/usr/local/texlive/2013/texmf-dist/tex/generic/oberdiek/infwarerr.sty
Package: infwarerr 2010/04/08 v1.3 Providing info/warning/error messages (HO)
)
(/usr/local/texlive/2013/texmf-dist/tex/generic/oberdiek/ltxcmds.sty
Package: ltxcmds 2011/11/09 v1.22 LaTeX kernel commands for general use (HO)
)
\Gread@gobject=\count87
))
\Gin@req@height=\dimen103
\Gin@req@width=\dimen104
)
(/usr/local/texlive/2013/texmf-dist/tex/latex/base/latexsym.sty
Package: latexsym 1998/08/17 v2.2e Standard LaTeX package (lasy symbols)
\symlasy=\mathgroup4
LaTeX Font Info:    Overwriting symbol font `lasy' in version `bold'
(Font)                  U/lasy/m/n --> U/lasy/b/n on input line 47.
) (./ijcai15.aux)
\openout1 = `ijcai15.aux'.

LaTeX Font Info:    Checking defaults for OML/cmm/m/it on input line 65.
LaTeX Font Info:    ... okay on input line 65.
LaTeX Font Info:    Checking defaults for T1/cmr/m/n on input line 65.
LaTeX Font Info:    ... okay on input line 65.
LaTeX Font Info:    Checking defaults for OT1/cmr/m/n on input line 65.
LaTeX Font Info:    ... okay on input line 65.
LaTeX Font Info:    Checking defaults for OMS/cmsy/m/n on input line 65.
LaTeX Font Info:    ... okay on input line 65.
LaTeX Font Info:    Checking defaults for OMX/cmex/m/n on input line 65.
LaTeX Font Info:    ... okay on input line 65.
LaTeX Font Info:    Checking defaults for U/cmr/m/n on input line 65.
LaTeX Font Info:    ... okay on input line 65.
LaTeX Font Info:    Try loading font information for OT1+ptm on input line 65.
 (/usr/local/texlive/2013/texmf-dist/tex/latex/psnfss/ot1ptm.fd
File: ot1ptm.fd 2001/06/04 font definitions for OT1/ptm.
)
(/usr/local/texlive/2013/texmf-dist/tex/context/base/supp-pdf.mkii
[Loading MPS to PDF converter (version 2006.09.02).]
\scratchcounter=\count88
\scratchdimen=\dimen105
\scratchbox=\box26
\nofMPsegments=\count89
\nofMParguments=\count90
\everyMPshowfont=\toks15
\MPscratchCnt=\count91
\MPscratchDim=\dimen106
\MPnumerator=\count92
\makeMPintoPDFobject=\count93
\everyMPtoPDFconversion=\toks16
) (/usr/local/texlive/2013/texmf-dist/tex/generic/oberdiek/pdftexcmds.sty
Package: pdftexcmds 2011/11/29 v0.20 Utility functions of pdfTeX for LuaTeX (HO
)

(/usr/local/texlive/2013/texmf-dist/tex/generic/oberdiek/ifluatex.sty
Package: ifluatex 2010/03/01 v1.3 Provides the ifluatex switch (HO)
Package ifluatex Info: LuaTeX not detected.
)
(/usr/local/texlive/2013/texmf-dist/tex/generic/oberdiek/ifpdf.sty
Package: ifpdf 2011/01/30 v2.3 Provides the ifpdf switch (HO)
Package ifpdf Info: pdfTeX in PDF mode is detected.
)
Package pdftexcmds Info: LuaTeX not detected.
Package pdftexcmds Info: \pdf@primitive is available.
Package pdftexcmds Info: \pdf@ifprimitive is available.
Package pdftexcmds Info: \pdfdraftmode found.
)
(/usr/local/texlive/2013/texmf-dist/tex/latex/oberdiek/epstopdf-base.sty
Package: epstopdf-base 2010/02/09 v2.5 Base part for package epstopdf

(/usr/local/texlive/2013/texmf-dist/tex/latex/oberdiek/grfext.sty
Package: grfext 2010/08/19 v1.1 Manage graphics extensions (HO)

(/usr/local/texlive/2013/texmf-dist/tex/generic/oberdiek/kvdefinekeys.sty
Package: kvdefinekeys 2011/04/07 v1.3 Define keys (HO)
))
(/usr/local/texlive/2013/texmf-dist/tex/latex/oberdiek/kvoptions.sty
Package: kvoptions 2011/06/30 v3.11 Key value format for package options (HO)

(/usr/local/texlive/2013/texmf-dist/tex/generic/oberdiek/kvsetkeys.sty
Package: kvsetkeys 2012/04/25 v1.16 Key value parser (HO)

(/usr/local/texlive/2013/texmf-dist/tex/generic/oberdiek/etexcmds.sty
Package: etexcmds 2011/02/16 v1.5 Avoid name clashes with e-TeX commands (HO)
Package etexcmds Info: Could not find \expanded.
(etexcmds)             That can mean that you are not using pdfTeX 1.50 or
(etexcmds)             that some package has redefined \expanded.
(etexcmds)             In the latter case, load this package earlier.
)))
Package grfext Info: Graphics extension search list:
(grfext)             [.png,.pdf,.jpg,.mps,.jpeg,.jbig2,.jb2,.PNG,.PDF,.JPG,.JPE
G,.JBIG2,.JB2,.eps]
(grfext)             \AppendGraphicsExtensions on input line 452.

(/usr/local/texlive/2013/texmf-dist/tex/latex/latexconfig/epstopdf-sys.cfg
File: epstopdf-sys.cfg 2010/07/13 v1.3 Configuration of (r)epstopdf for TeX Liv
e
))
LaTeX Font Info:    Font shape `OT1/ptm/bx/n' in size <14.4> not available
(Font)              Font shape `OT1/ptm/b/n' tried instead on input line 67.
LaTeX Font Info:    External font `cmex10' loaded for size
(Font)              <14.4> on input line 67.
LaTeX Font Info:    External font `cmex10' loaded for size
(Font)              <7> on input line 67.
LaTeX Font Info:    Try loading font information for U+lasy on input line 67.

(/usr/local/texlive/2013/texmf-dist/tex/latex/base/ulasy.fd
File: ulasy.fd 1998/08/17 v2.2e LaTeX symbol font definitions
)
LaTeX Font Info:    External font `cmex10' loaded for size
(Font)              <12> on input line 67.
LaTeX Font Info:    External font `cmex10' loaded for size
(Font)              <8> on input line 67.
LaTeX Font Info:    External font `cmex10' loaded for size
(Font)              <6> on input line 67.
LaTeX Font Info:    Font shape `OT1/ptm/bx/n' in size <12> not available
(Font)              Font shape `OT1/ptm/b/n' tried instead on input line 67.


LaTeX Warning: No \author given.

LaTeX Font Info:    External font `cmex10' loaded for size
(Font)              <9> on input line 67.
LaTeX Font Info:    External font `cmex10' loaded for size
(Font)              <5> on input line 67.
LaTeX Font Info:    Font shape `OT1/ptm/bx/n' in size <10> not available
(Font)              Font shape `OT1/ptm/b/n' tried instead on input line 81.

LaTeX Warning: Citation `andrew' on page 1 undefined on input line 81.


LaTeX Warning: Reference `sec:redd' on page 1 undefined on input line 84.


LaTeX Warning: Reference `sec:faculty' on page 1 undefined on input line 84.

LaTeX Font Info:    Font shape `OT1/ptm/bx/n' in size <10.95> not available
(Font)              Font shape `OT1/ptm/b/n' tried instead on input line 88.

LaTeX Warning: Citation `benveniste' on page 1 undefined on input line 91.

LaTeX Font Info:    Try loading font information for OMS+ptm on input line 91.
(/usr/local/texlive/2013/texmf-dist/tex/latex/psnfss/omsptm.fd
File: omsptm.fd 
)
LaTeX Font Info:    Font shape `OMS/ptm/m/n' in size <10> not available
(Font)              Font shape `OMS/cmsy/m/n' tried instead on input line 91.


LaTeX Warning: Reference `fig:ex' on page 1 undefined on input line 91.


Underfull \hbox (badness 1571) in paragraph at lines 91--92
\OT1/ptm/m/n/10 Distributed net-works can be mod-elled us-ing in-ter-act-ing
 []


Underfull \hbox (badness 10000) in paragraph at lines 91--92

 []

<automata.png, id=1, 705.63625pt x 356.33125pt>
File: automata.png Graphic file (type png)
 <use automata.png>
Package pdftex.def Info: automata.png used on input line 95.
(pdftex.def)             Requested size: 227.61708pt x 85.35812pt.
 [1{/usr/local/texlive/2013/texmf-var/fonts/map/pdftex/updmap/pdftex.map}



]

LaTeX Warning: Reference `table:A' on page 2 undefined on input line 146.


LaTeX Warning: Reference `table:B' on page 2 undefined on input line 146.


LaTeX Warning: Reference `table:pi' on page 2 undefined on input line 146.


LaTeX Warning: Reference `fig:pohmm' on page 2 undefined on input line 151.


LaTeX Warning: Reference `fig:ex' on page 2 undefined on input line 151.


Underfull \hbox (badness 2970) in paragraph at lines 150--159
\OT1/ptm/m/n/10 PoHMM is a com-bi-na-tion of di-rected and undi-rected
 []


Underfull \hbox (badness 10000) in paragraph at lines 150--159

 []

<product.png, id=15, 716.6775pt x 372.39125pt>
File: product.png Graphic file (type png)
 <use product.png>
Package pdftex.def Info: product.png used on input line 162.
(pdftex.def)             Requested size: 227.61366pt x 85.35838pt.
 [2 <./automata.png>]

LaTeX Warning: Reference `fig:micro' on page 3 undefined on input line 214.


LaTeX Warning: Reference `fig:washer' on page 3 undefined on input line 214.


LaTeX Warning: Reference `fig:kitchen2' on page 3 undefined on input line 214.


LaTeX Warning: Reference `fig:refri' on page 3 undefined on input line 214.

<channel_6.png, id=20, 1032.85875pt x 275.0275pt>
File: channel_6.png Graphic file (type png)
 <use channel_6.png>
Package pdftex.def Info: channel_6.png used on input line 218.
(pdftex.def)             Requested size: 505.88458pt x 97.5578pt.

<channel_7.png, id=21, 966.61125pt x 300.12125pt>
File: channel_7.png Graphic file (type png)
 <use channel_7.png>
Package pdftex.def Info: channel_7.png used on input line 225.
(pdftex.def)             Requested size: 505.88559pt x 97.56114pt.

<channel_8.png, id=22, 917.4275pt x 300.12125pt>
File: channel_8.png Graphic file (type png)
 <use channel_8.png>
Package pdftex.def Info: channel_8.png used on input line 232.
(pdftex.def)             Requested size: 505.88858pt x 97.56114pt.

<channel_9.png, id=23, 1030.85126pt x 307.1475pt>
File: channel_9.png Graphic file (type png)
 <use channel_9.png>
Package pdftex.def Info: channel_9.png used on input line 239.
(pdftex.def)             Requested size: 505.89229pt x 97.55807pt.


LaTeX Warning: Citation `hinton2000' on page 3 undefined on input line 244.


LaTeX Warning: Citation `hinton2000' on page 3 undefined on input line 249.

[3 <./product.png>]
Overfull \hbox (7.57439pt too wide) in paragraph at lines 330--343
 [] 
 []


LaTeX Warning: Reference `fig:screenshot' on page 4 undefined on input line 357
.

<screenshot.png, id=28, 1004.75375pt x 583.17876pt>
File: screenshot.png Graphic file (type png)
 <use screenshot.png>
Package pdftex.def Info: screenshot.png used on input line 361.
(pdftex.def)             Requested size: 404.70001pt x 227.65236pt.


LaTeX Warning: Citation `hinton2000' on page 4 undefined on input line 367.


LaTeX Warning: Reference `fig:flr05' on page 4 undefined on input line 369.


LaTeX Warning: Reference `fig:flr611' on page 4 undefined on input line 369.


LaTeX Warning: Reference `fig:total' on page 4 undefined on input line 369.

<floor052.png, id=30, 911.405pt x 341.275pt>
File: floor052.png Graphic file (type png)
 <use floor052.png>
Package pdftex.def Info: floor052.png used on input line 373.
(pdftex.def)             Requested size: 505.9053pt x 97.556pt.

<floor6112.png, id=31, 905.3825pt x 341.275pt>
File: floor6112.png Graphic file (type png)
 <use floor6112.png>
Package pdftex.def Info: floor6112.png used on input line 380.
(pdftex.def)             Requested size: 505.89174pt x 97.556pt.

<total2.png, id=32, 904.37875pt x 334.24875pt>
File: total2.png Graphic file (type png)
 <use total2.png>
Package pdftex.def Info: total2.png used on input line 387.
(pdftex.def)             Requested size: 505.88287pt x 97.56207pt.


LaTeX Warning: Reference `table:error5' on page 4 undefined on input line 397.


LaTeX Warning: Reference `table:error6' on page 4 undefined on input line 398.

[4 <./channel_6.png> <./channel_7.png>]

LaTeX Warning: Reference `table:error5' on page 5 undefined on input line 401.


LaTeX Warning: Reference `table:error6' on page 5 undefined on input line 401.


LaTeX Warning: Citation `benveniste' undefined on input line 704.


LaTeX Warning: Citation `hinton2000' undefined on input line 704.


LaTeX Warning: Citation `aistats' undefined on input line 704.


LaTeX Warning: Citation `fhmm' undefined on input line 704.


LaTeX Warning: Citation `andrew' undefined on input line 704.

(./ijcai15.bbl
Underfull \hbox (badness 4927) in paragraph at lines 4--8
[]\OT1/ptm/m/n/10 Andrew Brown and Ge-of-frey
 []


Underfull \vbox (badness 1484) has occurred while \output is active []


Underfull \hbox (badness 10000) in paragraph at lines 19--22
[]\OT1/ptm/m/n/10 Zoubin Ghahra-mani and
 []

[5 <./channel_8.png> <./channel_9.png>]) [6 <./screenshot.png> <./floor052.png>
] [7 <./floor6112.png> <./total2.png>] (./ijcai15.aux)

LaTeX Warning: There were undefined references.


LaTeX Warning: Label(s) may have changed. Rerun to get cross-references right.

 ) 
Here is how much of TeX's memory you used:
 1723 strings out of 493315
 24864 string characters out of 6137903
 93890 words of memory out of 5000000
 5137 multiletter control sequences out of 15000+600000
 25098 words of font info for 58 fonts, out of 8000000 for 9000
 957 hyphenation exceptions out of 8191
 37i,10n,23p,1385b,299s stack positions out of 5000i,500n,10000p,200000b,80000s
{/usr/local/texlive/2013/texmf-dist/fonts/enc/dvips/base/8r.enc}</usr/local/t
exlive/2013/texmf-dist/fonts/type1/public/amsfonts/cm/cmmi10.pfb></usr/local/te
xlive/2013/texmf-dist/fonts/type1/public/amsfonts/cm/cmmi7.pfb></usr/local/texl
ive/2013/texmf-dist/fonts/type1/public/amsfonts/cm/cmr10.pfb></usr/local/texliv
e/2013/texmf-dist/fonts/type1/public/amsfonts/cm/cmr7.pfb></usr/local/texlive/2
013/texmf-dist/fonts/type1/public/amsfonts/cm/cmsy10.pfb></usr/local/texlive/20
13/texmf-dist/fonts/type1/public/amsfonts/cm/cmsy6.pfb></usr/local/texlive/2013
/texmf-dist/fonts/type1/public/amsfonts/cm/cmsy7.pfb></usr/local/texlive/2013/t
exmf-dist/fonts/type1/urw/times/utmb8a.pfb></usr/local/texlive/2013/texmf-dist/
fonts/type1/urw/times/utmr8a.pfb></usr/local/texlive/2013/texmf-dist/fonts/type
1/urw/times/utmri8a.pfb>
Output written on ijcai15.pdf (7 pages, 422443 bytes).
PDF statistics:
 84 PDF objects out of 1000 (max. 8388607)
 50 compressed objects within 1 object stream
 0 named destinations out of 1000 (max. 500000)
 51 words of extra memory for PDF output out of 10000 (max. 10000000)

