This is pdfTeXk, Version 3.141592-1.40.3 (Web2C 7.5.6) (format=pdflatex 2007.5.18)  28 JUL 2013 20:53
entering extended mode
\write18 enabled.
 %&-line parsing enabled.
**Scholarly_MT11024.tex
(./Scholarly_MT11024.tex
LaTeX2e <2005/12/01>
Babel <v3.8h> and hyphenation patterns for english, usenglishmax, dumylang, noh
yphenation, arabic, basque, bulgarian, coptic, welsh, czech, slovak, german, ng
erman, danish, esperanto, spanish, catalan, galician, estonian, farsi, finnish,
 french, greek, monogreek, ancientgreek, croatian, hungarian, interlingua, ibyc
us, indonesian, icelandic, italian, latin, mongolian, dutch, norsk, polish, por
tuguese, pinyin, romanian, russian, slovenian, uppersorbian, serbian, swedish, 
turkish, ukenglish, ukrainian, loaded.
(/usr/local/texlive/2007/texmf-dist/tex/latex/base/article.cls
Document Class: article 2005/09/16 v1.4f Standard LaTeX document class
(/usr/local/texlive/2007/texmf-dist/tex/latex/base/size12.clo
File: size12.clo 2005/09/16 v1.4f Standard LaTeX file (size option)
)
\c@part=\count79
\c@section=\count80
\c@subsection=\count81
\c@subsubsection=\count82
\c@paragraph=\count83
\c@subparagraph=\count84
\c@figure=\count85
\c@table=\count86
\abovecaptionskip=\skip41
\belowcaptionskip=\skip42
\bibindent=\dimen102
)
(/usr/local/texlive/2007/texmf-dist/tex/latex/amsmath/amsmath.sty
Package: amsmath 2000/07/18 v2.13 AMS math features
\@mathmargin=\skip43

For additional information on amsmath, use the `?' option.
(/usr/local/texlive/2007/texmf-dist/tex/latex/amsmath/amstext.sty
Package: amstext 2000/06/29 v2.01

(/usr/local/texlive/2007/texmf-dist/tex/latex/amsmath/amsgen.sty
File: amsgen.sty 1999/11/30 v2.0
\@emptytoks=\toks14
\ex@=\dimen103
))
(/usr/local/texlive/2007/texmf-dist/tex/latex/amsmath/amsbsy.sty
Package: amsbsy 1999/11/29 v1.2d
\pmbraise@=\dimen104
)
(/usr/local/texlive/2007/texmf-dist/tex/latex/amsmath/amsopn.sty
Package: amsopn 1999/12/14 v2.01 operator names
)
\inf@bad=\count87
LaTeX Info: Redefining \frac on input line 211.
\uproot@=\count88
\leftroot@=\count89
LaTeX Info: Redefining \overline on input line 307.
\classnum@=\count90
\DOTSCASE@=\count91
LaTeX Info: Redefining \ldots on input line 379.
LaTeX Info: Redefining \dots on input line 382.
LaTeX Info: Redefining \cdots on input line 467.
\Mathstrutbox@=\box26
\strutbox@=\box27
\big@size=\dimen105
LaTeX Font Info:    Redeclaring font encoding OML on input line 567.
LaTeX Font Info:    Redeclaring font encoding OMS on input line 568.
\macc@depth=\count92
\c@MaxMatrixCols=\count93
\dotsspace@=\muskip10
\c@parentequation=\count94
\dspbrk@lvl=\count95
\tag@help=\toks15
\row@=\count96
\column@=\count97
\maxfields@=\count98
\andhelp@=\toks16
\eqnshift@=\dimen106
\alignsep@=\dimen107
\tagshift@=\dimen108
\tagwidth@=\dimen109
\totwidth@=\dimen110
\lineht@=\dimen111
\@envbody=\toks17
\multlinegap=\skip44
\multlinetaggap=\skip45
\mathdisplay@stack=\toks18
LaTeX Info: Redefining \[ on input line 2666.
LaTeX Info: Redefining \] on input line 2667.
)
(/usr/local/texlive/2007/texmf-dist/tex/latex/amscls/amsthm.sty
Package: amsthm 2004/08/06 v2.20
\thm@style=\toks19
\thm@bodyfont=\toks20
\thm@headfont=\toks21
\thm@notefont=\toks22
\thm@headpunct=\toks23
\thm@preskip=\skip46
\thm@postskip=\skip47
\thm@headsep=\skip48
\dth@everypar=\toks24
)
(/usr/local/texlive/2007/texmf-dist/tex/latex/amsfonts/amssymb.sty
Package: amssymb 2002/01/22 v2.2d

(/usr/local/texlive/2007/texmf-dist/tex/latex/amsfonts/amsfonts.sty
Package: amsfonts 2001/10/25 v2.2f
\symAMSa=\mathgroup4
\symAMSb=\mathgroup5
LaTeX Font Info:    Overwriting math alphabet `\mathfrak' in version `bold'
(Font)                  U/euf/m/n --> U/euf/b/n on input line 132.
))
(/usr/local/texlive/2007/texmf-dist/tex/latex/base/textcomp.sty
Package: textcomp 2005/09/27 v1.99g Standard LaTeX package
Package textcomp Info: Sub-encoding information:
(textcomp)               5 = only ISO-Adobe without \textcurrency
(textcomp)               4 = 5 + \texteuro
(textcomp)               3 = 4 + \textohm
(textcomp)               2 = 3 + \textestimated + \textcurrency
(textcomp)               1 = TS1 - \textcircled - \t
(textcomp)               0 = TS1 (full)
(textcomp)             Font families with sub-encoding setting implement
(textcomp)             only a restricted character set as indicated.
(textcomp)             Family '?' is the default used for unknown fonts.
(textcomp)             See the documentation for details.
Package textcomp Info: Setting ? sub-encoding to TS1/1 on input line 71.

(/usr/local/texlive/2007/texmf-dist/tex/latex/base/ts1enc.def
File: ts1enc.def 2001/06/05 v3.0e (jk/car/fm) Standard LaTeX file
)
LaTeX Info: Redefining \oldstylenums on input line 266.
Package textcomp Info: Setting cmr sub-encoding to TS1/0 on input line 281.
Package textcomp Info: Setting cmss sub-encoding to TS1/0 on input line 282.
Package textcomp Info: Setting cmtt sub-encoding to TS1/0 on input line 283.
Package textcomp Info: Setting cmvtt sub-encoding to TS1/0 on input line 284.
Package textcomp Info: Setting cmbr sub-encoding to TS1/0 on input line 285.
Package textcomp Info: Setting cmtl sub-encoding to TS1/0 on input line 286.
Package textcomp Info: Setting ccr sub-encoding to TS1/0 on input line 287.
Package textcomp Info: Setting ptm sub-encoding to TS1/4 on input line 288.
Package textcomp Info: Setting pcr sub-encoding to TS1/4 on input line 289.
Package textcomp Info: Setting phv sub-encoding to TS1/4 on input line 290.
Package textcomp Info: Setting ppl sub-encoding to TS1/3 on input line 291.
Package textcomp Info: Setting pag sub-encoding to TS1/4 on input line 292.
Package textcomp Info: Setting pbk sub-encoding to TS1/4 on input line 293.
Package textcomp Info: Setting pnc sub-encoding to TS1/4 on input line 294.
Package textcomp Info: Setting pzc sub-encoding to TS1/4 on input line 295.
Package textcomp Info: Setting bch sub-encoding to TS1/4 on input line 296.
Package textcomp Info: Setting put sub-encoding to TS1/5 on input line 297.
Package textcomp Info: Setting uag sub-encoding to TS1/5 on input line 298.
Package textcomp Info: Setting ugq sub-encoding to TS1/5 on input line 299.
Package textcomp Info: Setting ul8 sub-encoding to TS1/4 on input line 300.
Package textcomp Info: Setting ul9 sub-encoding to TS1/4 on input line 301.
Package textcomp Info: Setting augie sub-encoding to TS1/5 on input line 302.
Package textcomp Info: Setting dayrom sub-encoding to TS1/3 on input line 303.
Package textcomp Info: Setting dayroms sub-encoding to TS1/3 on input line 304.

Package textcomp Info: Setting pxr sub-encoding to TS1/0 on input line 305.
Package textcomp Info: Setting pxss sub-encoding to TS1/0 on input line 306.
Package textcomp Info: Setting pxtt sub-encoding to TS1/0 on input line 307.
Package textcomp Info: Setting txr sub-encoding to TS1/0 on input line 308.
Package textcomp Info: Setting txss sub-encoding to TS1/0 on input line 309.
Package textcomp Info: Setting txtt sub-encoding to TS1/0 on input line 310.
Package textcomp Info: Setting futs sub-encoding to TS1/4 on input line 311.
Package textcomp Info: Setting futx sub-encoding to TS1/4 on input line 312.
Package textcomp Info: Setting futj sub-encoding to TS1/4 on input line 313.
Package textcomp Info: Setting hlh sub-encoding to TS1/3 on input line 314.
Package textcomp Info: Setting hls sub-encoding to TS1/3 on input line 315.
Package textcomp Info: Setting hlst sub-encoding to TS1/3 on input line 316.
Package textcomp Info: Setting hlct sub-encoding to TS1/5 on input line 317.
Package textcomp Info: Setting hlx sub-encoding to TS1/5 on input line 318.
Package textcomp Info: Setting hlce sub-encoding to TS1/5 on input line 319.
Package textcomp Info: Setting hlcn sub-encoding to TS1/5 on input line 320.
Package textcomp Info: Setting hlcw sub-encoding to TS1/5 on input line 321.
Package textcomp Info: Setting hlcf sub-encoding to TS1/5 on input line 322.
Package textcomp Info: Setting pplx sub-encoding to TS1/3 on input line 323.
Package textcomp Info: Setting pplj sub-encoding to TS1/3 on input line 324.
Package textcomp Info: Setting ptmx sub-encoding to TS1/4 on input line 325.
Package textcomp Info: Setting ptmj sub-encoding to TS1/4 on input line 326.
)
(/usr/local/texlive/2007/texmf-dist/tex/latex/graphics/graphicx.sty
Package: graphicx 1999/02/16 v1.0f Enhanced LaTeX Graphics (DPC,SPQR)

(/usr/local/texlive/2007/texmf-dist/tex/latex/graphics/keyval.sty
Package: keyval 1999/03/16 v1.13 key=value parser (DPC)
\KV@toks@=\toks25
)
(/usr/local/texlive/2007/texmf-dist/tex/latex/graphics/graphics.sty
Package: graphics 2006/02/20 v1.0o Standard LaTeX Graphics (DPC,SPQR)

(/usr/local/texlive/2007/texmf-dist/tex/latex/graphics/trig.sty
Package: trig 1999/03/16 v1.09 sin cos tan (DPC)
)
(/usr/local/texlive/2007/texmf/tex/latex/config/graphics.cfg
File: graphics.cfg 2007/01/18 v1.5 graphics configuration of teTeX/TeXLive
)
Package graphics Info: Driver file: pdftex.def on input line 90.

(/usr/local/texlive/2007/texmf-dist/tex/latex/pdftex-def/pdftex.def
File: pdftex.def 2007/01/08 v0.04d Graphics/color for pdfTeX
\Gread@gobject=\count99
))
\Gin@req@height=\dimen112
\Gin@req@width=\dimen113
)
(/usr/local/texlive/2007/texmf-dist/tex/latex/float/float.sty
Package: float 2001/11/08 v1.3d Float enhancements (AL)
\c@float@type=\count100
\float@exts=\toks26
\float@box=\box28
\@float@everytoks=\toks27
\@floatcapt=\box29
)
(/usr/local/texlive/2007/texmf-dist/tex/latex/appendix/appendix.sty
Package: appendix 2002/08/06 v1.2 extra appendix facilities
\c@@pps=\count101
\c@@ppsavesec=\count102
\c@@ppsaveapp=\count103
)
(./Scholarly_MT11024.aux)
\openout1 = `Scholarly_MT11024.aux'.

LaTeX Font Info:    Checking defaults for OML/cmm/m/it on input line 23.
LaTeX Font Info:    ... okay on input line 23.
LaTeX Font Info:    Checking defaults for T1/cmr/m/n on input line 23.
LaTeX Font Info:    ... okay on input line 23.
LaTeX Font Info:    Checking defaults for OT1/cmr/m/n on input line 23.
LaTeX Font Info:    ... okay on input line 23.
LaTeX Font Info:    Checking defaults for OMS/cmsy/m/n on input line 23.
LaTeX Font Info:    ... okay on input line 23.
LaTeX Font Info:    Checking defaults for OMX/cmex/m/n on input line 23.
LaTeX Font Info:    ... okay on input line 23.
LaTeX Font Info:    Checking defaults for U/cmr/m/n on input line 23.
LaTeX Font Info:    ... okay on input line 23.
LaTeX Font Info:    Checking defaults for TS1/cmr/m/n on input line 23.
LaTeX Font Info:    Try loading font information for TS1+cmr on input line 23.

(/usr/local/texlive/2007/texmf-dist/tex/latex/base/ts1cmr.fd
File: ts1cmr.fd 1999/05/25 v2.5h Standard LaTeX font definitions
)
LaTeX Font Info:    ... okay on input line 23.

(/usr/local/texlive/2007/texmf-dist/tex/context/base/supp-pdf.tex
[Loading MPS to PDF converter (version 2006.09.02).]
\scratchcounter=\count104
\scratchdimen=\dimen114
\scratchbox=\box30
\nofMPsegments=\count105
\nofMParguments=\count106
\MPscratchCnt=\count107
\MPscratchDim=\dimen115
\MPnumerator=\count108
\everyMPtoPDFconversion=\toks28
)
LaTeX Font Info:    Try loading font information for U+msa on input line 24.
 (/usr/local/texlive/2007/texmf-dist/tex/latex/amsfonts/umsa.fd
File: umsa.fd 2002/01/19 v2.2g AMS font definitions
)
LaTeX Font Info:    Try loading font information for U+msb on input line 24.

(/usr/local/texlive/2007/texmf-dist/tex/latex/amsfonts/umsb.fd
File: umsb.fd 2002/01/19 v2.2g AMS font definitions
)
LaTeX Font Info:    Try loading font information for OMS+cmr on input line 24.

(/usr/local/texlive/2007/texmf-dist/tex/latex/base/omscmr.fd
File: omscmr.fd 1999/05/25 v2.5h Standard LaTeX font definitions
)
LaTeX Font Info:    Font shape `OMS/cmr/m/n' in size <14.4> not available
(Font)              Font shape `OMS/cmsy/m/n' tried instead on input line 24.
 [1

{/usr/local/texlive/2007/texmf-var/fonts/map/pdftex/updmap/pdftex.map}] [2]
(./Scholarly_MT11024.toc)
\tf@toc=\write3
\openout3 = `Scholarly_MT11024.toc'.

 [3]
Underfull \hbox (badness 10000) in paragraph at lines 43--44

 []

[4]
Overfull \hbox (0.93617pt too wide) in paragraph at lines 67--68
[]\OT1/cmr/m/n/12 User track-ing mod-ule: Abil-ity to track user ac-tiv-ity, pr
e-pare statis-
 []


Underfull \hbox (badness 10000) in paragraph at lines 88--89

 []

[5]
Underfull \hbox (badness 10000) in paragraph at lines 90--92

 []

<layouts.jpg, id=26, 526.96875pt x 225.84375pt>
File: layouts.jpg Graphic file (type jpg)
 <use layouts.jpg>
Overfull \hbox (8.35349pt too wide) in paragraph at lines 95--96
 [][] 
 []

[6 <./layouts.jpg>] <diag.jpg, id=30, 378.66469pt x 519.44063pt>
File: diag.jpg Graphic file (type jpg)

<use diag.jpg> <entity.jpg, id=31, 96.36pt x 98.61844pt>
File: entity.jpg Graphic file (type jpg)
 <use entity.jpg>
[7]
Overfull \hbox (14226.37794pt too wide) in paragraph at lines 141--142
[]$[]$| 
 []


Overfull \hbox (8.11385pt too wide) in paragraph at lines 132--146
[][] 
 []

[8 <./diag.jpg>] [9 <./entity.jpg>]
<mvc1.jpg, id=43, 434.37282pt x 371.88937pt>
File: mvc1.jpg Graphic file (type jpg)
 <use mvc1.jpg> [10 <./mvc1.jpg>]
[11]
Overfull \hbox (21.09021pt too wide) in paragraph at lines 220--221
\OT1/cmr/m/n/12 https://power.ldeo.columbia.edu/svn/Proj/NYPL/Bodhi/Code/WebApp
s
 []

[12]
Overfull \hbox (12.39023pt too wide) in paragraph at lines 225--228
\OT1/cmr/m/n/12 hi-We-bAp-pli-ca-tion.properties) Edit log4j.properties, change
 the value
 []


Overfull \hbox (2.55098pt too wide) in paragraph at lines 225--228
\OT1/cmr/m/n/12 chine. No changes are re-quired in Bod-hi-We-bAp-pli-ca-tion.pr
operties 
 []


Overfull \hbox (4.3042pt too wide) in paragraph at lines 231--232
[]\OT1/cmr/m/n/12 edu.columbia.ccls.dh.bodhi.controller (Folder for all the con
-trollers,
 []


Overfull \hbox (0.51813pt too wide) in paragraph at lines 232--233
[]\OT1/cmr/m/n/12 edu.columbia.ccls.dh.bodhi.model (Folder for all the model cl
asses,
 []


Overfull \hbox (8.7pt too wide) in paragraph at lines 233--234
[]\OT1/cmr/m/n/12 edu.columbia.ccls.dh.bodhi.view (Folder for con-struct-ing th
e HTML
 []

[13]
Overfull \hbox (0.42233pt too wide) in paragraph at lines 254--255
[]\OT1/cmr/m/n/12 Start Tom-cat (if it is not al-ready run-ning), go to bin and
 run startup.bat
 []


Overfull \hbox (14.11803pt too wide) in paragraph at lines 256--257
[]\OT1/cmr/m/n/12 Open up a web browser, go to http://localhost:8080/bodhi/Main
WebApp,
 []

[14]
Overfull \hbox (71.17996pt too wide) in paragraph at lines 283--284
[]\OT1/cmr/m/n/12 Open catalina.bat file which can be found in \TS1/cmr/m/n/12 
ƒ\OT1/cmr/m/n/12 apache-tomcat-7.0.35/bin/catalina.bat\TS1/cmr/m/n/12 ¨ 
 []


Overfull \hbox (38.65057pt too wide) in paragraph at lines 284--288
\TS1/cmr/m/n/12 ƒ\OT1/cmr/m/n/12 -Xdebug-Xrunjdwp:transport=dt[]socket,address=
8000,server=y,suspend=n\TS1/cmr/m/n/12 ‚ 
 []


Overfull \hbox (95.75084pt too wide) in paragraph at lines 284--288
\OT1/cmr/m/n/12 JPDA[]OPTS=\TS1/cmr/m/n/12 ƒ\OT1/cmr/m/n/12 -agentlib:jdwp=tran
sport=dt[]socket,address=8000,server=y,suspend=n\TS1/cmr/m/n/12 ¨ 
 []

[15] [16]
Underfull \hbox (badness 10000) in paragraph at lines 316--318

 []


Underfull \hbox (badness 10000) in paragraph at lines 329--331

 []

(./Scholarly_MT11024.bbl [17]
Missing character: There is no ö in font cmr12!
)
<dropdown.jpg, id=69, 826.58812pt x 496.85625pt>
File: dropdown.jpg Graphic file (type jpg)
 <use dropdown.jpg>
Overfull \hbox (8.34698pt too wide) in paragraph at lines 349--350
 [][] 
 []

[18] <datepicker.jpg, id=73, 889.07156pt x 497.60907pt>
File: datepicker.jpg Graphic file (type jpg)
 <use datepicker.jpg>
Overfull \hbox (8.32848pt too wide) in paragraph at lines 356--357
 [][] 
 []

[19 <./dropdown.jpg>] <results.jpg, id=78, 839.38594pt x 525.46312pt>
File: results.jpg Graphic file (type jpg)

<use results.jpg>
Overfull \hbox (8.34103pt too wide) in paragraph at lines 363--364
 [][] 
 []

<beforeEditText.jpg, id=79, 837.88031pt x 522.45187pt>
File: beforeEditText.jpg Graphic file (type jpg)

<use beforeEditText.jpg>
Overfull \hbox (8.3297pt too wide) in paragraph at lines 371--372
 [][] 
 []

[20 <./datepicker.jpg> <./results.jpg>]
<editing.jpg, id=83, 839.38594pt x 521.69907pt>
File: editing.jpg Graphic file (type jpg)
 <use editing.jpg>
Overfull \hbox (8.34103pt too wide) in paragraph at lines 378--379
 [][] 
 []

<tag.jpg, id=84, 838.63312pt x 523.9575pt>
File: tag.jpg Graphic file (type jpg)
 <use tag.jpg>
Overfull \hbox (8.32927pt too wide) in paragraph at lines 385--386
 [][] 
 []

[21 <./beforeEditText.jpg> <./editing.jpg>]
<db.jpg, id=88, 402.75468pt x 91.84312pt>
File: db.jpg Graphic file (type jpg)
 <use db.jpg> [22 <./tag.jpg> <./db.jpg>] (./Scholarly_MT11024.aux) ) 
Here is how much of TeX's memory you used:
 2566 strings out of 94073
 32925 string characters out of 1162984
 77791 words of memory out of 1500000
 5819 multiletter control sequences out of 10000+50000
 14347 words of font info for 55 fonts, out of 1200000 for 2000
 645 hyphenation exceptions out of 8191
 27i,12n,24p,1192b,288s stack positions out of 5000i,500n,6000p,200000b,5000s
{/usr/loca
l/texlive/2007/texmf-dist/fonts/enc/dvips/cm-super/cm-super-ts1.enc}</usr/local
/texlive/2007/texmf-dist/fonts/type1/bluesky/cm/cmbx12.pfb></usr/local/texlive/
2007/texmf-dist/fonts/type1/bluesky/cm/cmr10.pfb></usr/local/texlive/2007/texmf
-dist/fonts/type1/bluesky/cm/cmr12.pfb></usr/local/texlive/2007/texmf-dist/font
s/type1/bluesky/cm/cmr17.pfb></usr/local/texlive/2007/texmf-dist/fonts/type1/bl
uesky/cm/cmr7.pfb></usr/local/texlive/2007/texmf-dist/fonts/type1/bluesky/cm/cm
r8.pfb></usr/local/texlive/2007/texmf-dist/fonts/type1/bluesky/cm/cmsy10.pfb></
usr/local/texlive/2007/texmf-dist/fonts/type1/bluesky/cm/cmti12.pfb></usr/local
/texlive/2007/texmf-dist/fonts/type1/public/cm-super/sfrm1200.pfb>
Output written on Scholarly_MT11024.pdf (22 pages, 1301770 bytes).
PDF statistics:
 122 PDF objects out of 1000 (max. 8388607)
 0 named destinations out of 1000 (max. 131072)
 56 words of extra memory for PDF output out of 10000 (max. 10000000)

