This is pdfTeX, Version 3.1415926-2.5-1.40.14 (TeX Live 2013) (format=pdflatex 2013.10.11)  6 MAY 2015 01:31
entering extended mode
 restricted \write18 enabled.
 file:line:error style messages enabled.
 %&-line parsing enabled.
**sig-alternate.tex
(./sig-alternate.tex
LaTeX2e <2011/06/27>
Babel <3.9f> and hyphenation patterns for 78 languages loaded.
(./sig-alternate.cls
(/usr/local/texlive/2013/texmf-dist/tex/latex/graphics/epsfig.sty
Package: epsfig 1999/02/16 v1.7a (e)psfig emulation (SPQR)

(/usr/local/texlive/2013/texmf-dist/tex/latex/graphics/graphicx.sty
Package: graphicx 1999/02/16 v1.0f Enhanced LaTeX Graphics (DPC,SPQR)

(/usr/local/texlive/2013/texmf-dist/tex/latex/graphics/keyval.sty
Package: keyval 1999/03/16 v1.13 key=value parser (DPC)
\KV@toks@=\toks14
)
(/usr/local/texlive/2013/texmf-dist/tex/latex/graphics/graphics.sty
Package: graphics 2009/02/05 v1.0o Standard LaTeX Graphics (DPC,SPQR)

(/usr/local/texlive/2013/texmf-dist/tex/latex/graphics/trig.sty
Package: trig 1999/03/16 v1.09 sin cos tan (DPC)
)
(/usr/local/texlive/2013/texmf-dist/tex/latex/latexconfig/graphics.cfg
File: graphics.cfg 2010/04/23 v1.9 graphics configuration of TeX Live
)
Package graphics Info: Driver file: pdftex.def on input line 91.

(/usr/local/texlive/2013/texmf-dist/tex/latex/pdftex-def/pdftex.def
File: pdftex.def 2011/05/27 v0.06d Graphics/color for pdfTeX

(/usr/local/texlive/2013/texmf-dist/tex/generic/oberdiek/infwarerr.sty
Package: infwarerr 2010/04/08 v1.3 Providing info/warning/error messages (HO)
)
(/usr/local/texlive/2013/texmf-dist/tex/generic/oberdiek/ltxcmds.sty
Package: ltxcmds 2011/11/09 v1.22 LaTeX kernel commands for general use (HO)
)
\Gread@gobject=\count79
))
\Gin@req@height=\dimen102
\Gin@req@width=\dimen103
)
\epsfxsize=\dimen104
\epsfysize=\dimen105
)
(/usr/local/texlive/2013/texmf-dist/tex/latex/amsfonts/amssymb.sty
Package: amssymb 2013/01/14 v3.01 AMS font symbols

(/usr/local/texlive/2013/texmf-dist/tex/latex/amsfonts/amsfonts.sty
Package: amsfonts 2013/01/14 v3.01 Basic AMSFonts support
\@emptytoks=\toks15
\symAMSa=\mathgroup4
\symAMSb=\mathgroup5
LaTeX Font Info:    Overwriting math alphabet `\mathfrak' in version `bold'
(Font)                  U/euf/m/n --> U/euf/b/n on input line 106.
))
(/usr/local/texlive/2013/texmf-dist/tex/latex/amsmath/amsmath.sty
Package: amsmath 2013/01/14 v2.14 AMS math features
\@mathmargin=\skip41

For additional information on amsmath, use the `?' option.
(/usr/local/texlive/2013/texmf-dist/tex/latex/amsmath/amstext.sty
Package: amstext 2000/06/29 v2.01

(/usr/local/texlive/2013/texmf-dist/tex/latex/amsmath/amsgen.sty
File: amsgen.sty 1999/11/30 v2.0
\@emptytoks=\toks16
\ex@=\dimen106
))
(/usr/local/texlive/2013/texmf-dist/tex/latex/amsmath/amsbsy.sty
Package: amsbsy 1999/11/29 v1.2d
\pmbraise@=\dimen107
)
(/usr/local/texlive/2013/texmf-dist/tex/latex/amsmath/amsopn.sty
Package: amsopn 1999/12/14 v2.01 operator names
)
\inf@bad=\count80
LaTeX Info: Redefining \frac on input line 210.
\uproot@=\count81
\leftroot@=\count82
LaTeX Info: Redefining \overline on input line 306.
\classnum@=\count83
\DOTSCASE@=\count84
LaTeX Info: Redefining \ldots on input line 378.
LaTeX Info: Redefining \dots on input line 381.
LaTeX Info: Redefining \cdots on input line 466.
\Mathstrutbox@=\box26
\strutbox@=\box27
\big@size=\dimen108
LaTeX Font Info:    Redeclaring font encoding OML on input line 566.
LaTeX Font Info:    Redeclaring font encoding OMS on input line 567.
\macc@depth=\count85
\c@MaxMatrixCols=\count86
\dotsspace@=\muskip10
\c@parentequation=\count87
\dspbrk@lvl=\count88
\tag@help=\toks17
\row@=\count89
\column@=\count90
\maxfields@=\count91
\andhelp@=\toks18
\eqnshift@=\dimen109
\alignsep@=\dimen110
\tagshift@=\dimen111
\tagwidth@=\dimen112
\totwidth@=\dimen113
\lineht@=\dimen114
\@envbody=\toks19
\multlinegap=\skip42
\multlinetaggap=\skip43
\mathdisplay@stack=\toks20
LaTeX Info: Redefining \[ on input line 2665.
LaTeX Info: Redefining \] on input line 2666.
)
Document Class 'sig-alternate' <23rd. May '12>. Modified by G.K.M. Tobin/Gerry 
Murray
Based in part upon document Style `acmconf' <22 May 89>. Hacked 4/91 by
shivers@cs.cmu.edu, 4/93 by theobald@cs.mcgill.ca
Excerpts were taken from (Journal Style) 'esub2acm.cls'.
****** Bugs/comments/suggestions/technicalities to Gerry Murray -- murray@hq.ac
m.org ******
Questions on the style, SIGS policies, etc. to Adrienne Griscti griscti@acm.org

\footheight=\dimen115
\@maxsep=\dimen116
\@dblmaxsep=\dimen117
\aucount=\count92
\originalaucount=\count93
\auwidth=\dimen118
\auskip=\dimen119
\auskipcount=\count94
\auskip=\dimen120
\allauboxes=\dimen121
\addauthors=\toks21
\addauflag=\count95
\subtitletext=\toks22
\savesection=\count96
\sectioncntr=\count97
\c@figure=\count98
\c@table=\count99
\titleboxnotes=\toks23
\titleboxnoteflag=\count100
Document Class: sig-alternate 2012/05/23 - V2.5 - based on acmproc.cls V1.3 <No
v. 30 '99>
(/usr/local/texlive/2013/texmf-dist/tex/latex/base/latexsym.sty
Package: latexsym 1998/08/17 v2.2e Standard LaTeX package (lasy symbols)
\symlasy=\mathgroup6
LaTeX Font Info:    Overwriting symbol font `lasy' in version `bold'
(Font)                  U/lasy/m/n --> U/lasy/b/n on input line 47.
)
\@acmtitlebox=\box28
\titlenotecount=\count101
\tntoks=\toks24
\tntokstwo=\toks25
\tntoksthree=\toks26
\tntoksfour=\toks27
\tntoksfive=\toks28
\catcount=\count102
\copyrightnotice=\toks29
\conf=\toks30
\confinfo=\toks31
\c@part=\count103
\c@section=\count104
\c@subsection=\count105
\c@subsubsection=\count106
\c@paragraph=\count107

Using 'Abbrev' bibliography style
LaTeX Info: Redefining \cite on input line 1211.
\bibindent=\dimen122
\colcntr=\count108
\saveb@x=\box29
\copyrtyr=\toks32
\acmcopyr=\toks33
\boilerplate=\toks34
\copyrightetc=\toks35
(/usr/local/texlive/2013/texmf-dist/tex/latex/base/fontenc.sty
Package: fontenc 2005/09/27 v1.99g Standard LaTeX package

(/usr/local/texlive/2013/texmf-dist/tex/latex/base/t1enc.def
File: t1enc.def 2005/09/27 v1.99g Standard LaTeX file
LaTeX Font Info:    Redeclaring font encoding T1 on input line 43.
)
LaTeX Font Info:    Try loading font information for T1+aer on input line 100.

(/usr/local/texlive/2013/texmf-dist/tex/latex/ae/t1aer.fd
File: t1aer.fd 1997/11/16 Font definitions for T1/aer.
)))
(/usr/local/texlive/2013/texmf-dist/tex/latex/float/float.sty
Package: float 2001/11/08 v1.3d Float enhancements (AL)
\c@float@type=\count109
\float@exts=\toks36
\float@box=\box30
\@float@everytoks=\toks37
\@floatcapt=\box31
)
(/usr/local/texlive/2013/texmf-dist/tex/latex/subfig/subfig.sty
Package: subfig 2005/06/28 ver: 1.3 subfig package

(/usr/local/texlive/2013/texmf-dist/tex/latex/caption/caption3.sty
Package: caption3 2013/05/02 v1.6-88 caption3 kernel (AR)
Package caption3 Info: TeX engine: e-TeX on input line 57.
\captionmargin=\dimen123
\captionmargin@=\dimen124
\captionwidth=\dimen125
\caption@tempdima=\dimen126
\caption@indent=\dimen127
\caption@parindent=\dimen128
\caption@hangindent=\dimen129
\abovecaptionskip=\skip44
\belowcaptionskip=\skip45
Package caption Info: Unknown document class (or package),
(caption)             standard defaults will be used.
)
\c@KVtest=\count110
\sf@farskip=\skip46
\sf@captopadj=\dimen130
\sf@capskip=\skip47
\sf@nearskip=\skip48
\c@subfigure=\count111
\c@subfigure@save=\count112
\c@lofdepth=\count113
\c@subtable=\count114
\c@subtable@save=\count115
\c@lotdepth=\count116
\sf@top=\skip49
\sf@bottom=\skip50
)
(./sig-alternate.aux)
\openout1 = `sig-alternate.aux'.

LaTeX Font Info:    Checking defaults for OML/cmm/m/it on input line 53.
LaTeX Font Info:    ... okay on input line 53.
LaTeX Font Info:    Checking defaults for T1/cmr/m/n on input line 53.
LaTeX Font Info:    ... okay on input line 53.
LaTeX Font Info:    Checking defaults for OT1/cmr/m/n on input line 53.
LaTeX Font Info:    ... okay on input line 53.
LaTeX Font Info:    Checking defaults for OMS/cmsy/m/n on input line 53.
LaTeX Font Info:    ... okay on input line 53.
LaTeX Font Info:    Checking defaults for OMX/cmex/m/n on input line 53.
LaTeX Font Info:    ... okay on input line 53.
LaTeX Font Info:    Checking defaults for U/cmr/m/n on input line 53.
LaTeX Font Info:    ... okay on input line 53.

(/usr/local/texlive/2013/texmf-dist/tex/context/base/supp-pdf.mkii
[Loading MPS to PDF converter (version 2006.09.02).]
\scratchcounter=\count117
\scratchdimen=\dimen131
\scratchbox=\box32
\nofMPsegments=\count118
\nofMParguments=\count119
\everyMPshowfont=\toks38
\MPscratchCnt=\count120
\MPscratchDim=\dimen132
\MPnumerator=\count121
\makeMPintoPDFobject=\count122
\everyMPtoPDFconversion=\toks39
) (/usr/local/texlive/2013/texmf-dist/tex/generic/oberdiek/pdftexcmds.sty
Package: pdftexcmds 2011/11/29 v0.20 Utility functions of pdfTeX for LuaTeX (HO
)

(/usr/local/texlive/2013/texmf-dist/tex/generic/oberdiek/ifluatex.sty
Package: ifluatex 2010/03/01 v1.3 Provides the ifluatex switch (HO)
Package ifluatex Info: LuaTeX not detected.
)
(/usr/local/texlive/2013/texmf-dist/tex/generic/oberdiek/ifpdf.sty
Package: ifpdf 2011/01/30 v2.3 Provides the ifpdf switch (HO)
Package ifpdf Info: pdfTeX in PDF mode is detected.
)
Package pdftexcmds Info: LuaTeX not detected.
Package pdftexcmds Info: \pdf@primitive is available.
Package pdftexcmds Info: \pdf@ifprimitive is available.
Package pdftexcmds Info: \pdfdraftmode found.
)
(/usr/local/texlive/2013/texmf-dist/tex/latex/oberdiek/epstopdf-base.sty
Package: epstopdf-base 2010/02/09 v2.5 Base part for package epstopdf

(/usr/local/texlive/2013/texmf-dist/tex/latex/oberdiek/grfext.sty
Package: grfext 2010/08/19 v1.1 Manage graphics extensions (HO)

(/usr/local/texlive/2013/texmf-dist/tex/generic/oberdiek/kvdefinekeys.sty
Package: kvdefinekeys 2011/04/07 v1.3 Define keys (HO)
))
(/usr/local/texlive/2013/texmf-dist/tex/latex/oberdiek/kvoptions.sty
Package: kvoptions 2011/06/30 v3.11 Key value format for package options (HO)

(/usr/local/texlive/2013/texmf-dist/tex/generic/oberdiek/kvsetkeys.sty
Package: kvsetkeys 2012/04/25 v1.16 Key value parser (HO)

(/usr/local/texlive/2013/texmf-dist/tex/generic/oberdiek/etexcmds.sty
Package: etexcmds 2011/02/16 v1.5 Avoid name clashes with e-TeX commands (HO)
Package etexcmds Info: Could not find \expanded.
(etexcmds)             That can mean that you are not using pdfTeX 1.50 or
(etexcmds)             that some package has redefined \expanded.
(etexcmds)             In the latter case, load this package earlier.
)))
Package grfext Info: Graphics extension search list:
(grfext)             [.png,.pdf,.jpg,.mps,.jpeg,.jbig2,.jb2,.PNG,.PDF,.JPG,.JPE
G,.JBIG2,.JB2,.eps]
(grfext)             \AppendGraphicsExtensions on input line 452.

(/usr/local/texlive/2013/texmf-dist/tex/latex/latexconfig/epstopdf-sys.cfg
File: epstopdf-sys.cfg 2010/07/13 v1.3 Configuration of (r)epstopdf for TeX Liv
e
))
Package caption Info: Begin \AtBeginDocument code.
Package caption Info: subfig package v1.3 is loaded.
Package caption Info: End \AtBeginDocument code.
LaTeX Font Info:    Try loading font information for U+msa on input line 147.

(/usr/local/texlive/2013/texmf-dist/tex/latex/amsfonts/umsa.fd
File: umsa.fd 2013/01/14 v3.01 AMS symbols A
)
LaTeX Font Info:    Try loading font information for U+msb on input line 147.

(/usr/local/texlive/2013/texmf-dist/tex/latex/amsfonts/umsb.fd
File: umsb.fd 2013/01/14 v3.01 AMS symbols B
)
LaTeX Font Info:    Try loading font information for U+lasy on input line 147.

(/usr/local/texlive/2013/texmf-dist/tex/latex/base/ulasy.fd
File: ulasy.fd 1998/08/17 v2.2e LaTeX symbol font definitions
)
Package epstopdf Info: Source file: <archOCR.eps>
(epstopdf)                    date: 2014-10-13 12:20:56
(epstopdf)                    size: 1912905 bytes
(epstopdf)             Output file: <archOCR-eps-converted-to.pdf>
(epstopdf)                    date: 2014-10-13 12:22:54
(epstopdf)                    size: 60545 bytes
(epstopdf)             Command: <repstopdf --outfile=archOCR-eps-converted-to.p
df archOCR.eps>
(epstopdf)             \includegraphics on input line 212.
Package epstopdf Info: Output file is already uptodate.

<archOCR-eps-converted-to.pdf, id=1, 669.50125pt x 265.99374pt>
File: archOCR-eps-converted-to.pdf Graphic file (type pdf)

<use archOCR-eps-converted-to.pdf>
Package pdftex.def Info: archOCR-eps-converted-to.pdf used on input line 212.
(pdftex.def)             Requested size: 505.90454pt x 216.81342pt.

Overfull \hbox (1.90454pt too wide) in paragraph at lines 212--213
 [][] 
 []


Underfull \vbox (badness 1052) has occurred while \output is active []

 [1{/usr/local/texlive/2013/texmf-var/fonts/map/pdftex/updmap/pdftex.map}


]
Overfull \hbox (15.22672pt too wide) in paragraph at lines 221--222
[]\T1/aer/m/n/9 The \T1/aer/bx/n/9 C\T1/aer/m/n/9 lassification of \T1/aer/bx/n
/9 C\T1/aer/m/n/9 rowdsourced \T1/aer/bx/n/9 T\T1/aer/m/n/9 ext \T1/aer/bx/n/9 
C\T1/aer/m/n/9 orrection (CCTC)
 []


Overfull \hbox (7.43398pt too wide) in paragraph at lines 240--251
 [] 
 []

Package epstopdf Info: Source file: <greyscale.eps>
(epstopdf)                    date: 2014-10-12 21:10:29
(epstopdf)                    size: 1151567 bytes
(epstopdf)             Output file: <greyscale-eps-converted-to.pdf>
(epstopdf)                    date: 2014-10-12 21:11:15
(epstopdf)                    size: 180923 bytes
(epstopdf)             Command: <repstopdf --outfile=greyscale-eps-converted-to
.pdf greyscale.eps>
(epstopdf)             \includegraphics on input line 278.
Package epstopdf Info: Output file is already uptodate.
<greyscale-eps-converted-to.pdf, id=16, 1003.75pt x 567.11874pt>
File: greyscale-eps-converted-to.pdf Graphic file (type pdf)

<use greyscale-eps-converted-to.pdf>
Package pdftex.def Info: greyscale-eps-converted-to.pdf used on input line 278.

(pdftex.def)             Requested size: 216.79758pt x 122.85408pt.
Package epstopdf Info: Source file: <correction.eps>
(epstopdf)                    date: 2014-10-12 21:17:53
(epstopdf)                    size: 5525915 bytes
(epstopdf)             Output file: <correction-eps-converted-to.pdf>
(epstopdf)                    date: 2014-10-12 21:19:16
(epstopdf)                    size: 390967 bytes
(epstopdf)             Command: <repstopdf --outfile=correction-eps-converted-t
o.pdf correction.eps>
(epstopdf)             \includegraphics on input line 280.
Package epstopdf Info: Output file is already uptodate.

<correction-eps-converted-to.pdf, id=17, 1278.7775pt x 715.67375pt>
File: correction-eps-converted-to.pdf Graphic file (type pdf)

<use correction-eps-converted-to.pdf>
Package pdftex.def Info: correction-eps-converted-to.pdf used on input line 280
.
(pdftex.def)             Requested size: 216.80392pt x 122.85323pt.

Overfull \hbox (1.90715pt too wide) in paragraph at lines 293--306
\T1/aer/m/n/9 Features are crafted by com-put-ing the Lev-en-shtein
 []

[2 <./archOCR-eps-converted-to.pdf>]
Overfull \hbox (1.66422pt too wide) in paragraph at lines 307--319
\T1/aer/m/n/9 dataset was com-pared against the base-line method
 []


Overfull \hbox (1.59203pt too wide) in paragraph at lines 307--319
\T1/aer/m/n/9 3.7.10 was used to mine character-level rules. Min-
 []


Overfull \hbox (10.5233pt too wide) in paragraph at lines 307--319
\T1/aer/m/n/9 con-trolled mea-sures like min-i-mum sup-port ($\OML/cmm/m/it/9 m
insup$\T1/aer/m/n/9 )
 []


Underfull \vbox (badness 10000) has occurred while \output is active []

 [3 <./greyscale-eps-converted-to.pdf> <./correction-eps-converted-to.pdf>]
Overfull \hbox (12.12645pt too wide) in paragraph at lines 490--514
[]$[]$  $[]$ 
 []


Overfull \hbox (2.47147pt too wide) in paragraph at lines 518--519
\T1/aer/m/n/9 iden-ti-fied by the model as ``spell check",``addition", ``cap-
 []


Overfull \hbox (2.24759pt too wide) in paragraph at lines 524--527
\T1/aer/m/n/9 The multi-class SVM al-go-rithm us-ing poly-no-mial ker-nel gives

 []


Overfull \hbox (5.36887pt too wide) in paragraph at lines 524--527
\T1/aer/m/n/9 the best re-sults in both the datasets, word-level and character-

 []

[4]
Overfull \hbox (4.39816pt too wide) in paragraph at lines 615--618
\T1/aer/m/n/9 tio-nary to spellcheck mis-spelled OCR rec-og-nized words. They
 []

[5]
Underfull \vbox (badness 10000) has occurred while \output is active []


Overfull \hbox (3.09467pt too wide) in paragraph at lines 641--642
[]\T1/aer/m/n/9 The Cal-i-for-nia Dig-i-tal News-pa-per Col-lec-tion has an arc
hive
 []


Underfull \hbox (badness 10000) in paragraph at lines 648--649

 []

(./sig-alternate.bbl [6]
Underfull \vbox (badness 10000) has occurred while \output is active []

)
Package epstopdf Info: Source file: <o_e.eps>
(epstopdf)                    date: 2014-10-18 10:31:27
(epstopdf)                    size: 267674 bytes
(epstopdf)             Output file: <o_e-eps-converted-to.pdf>
(epstopdf)                    date: 2014-10-18 10:42:06
(epstopdf)                    size: 22977 bytes
(epstopdf)             Command: <repstopdf --outfile=o_e-eps-converted-to.pdf o
_e.eps>
(epstopdf)             \includegraphics on input line 760.
Package epstopdf Info: Output file is already uptodate.

<o_e-eps-converted-to.pdf, id=49, 597.23125pt x 217.81375pt>
File: o_e-eps-converted-to.pdf Graphic file (type pdf)

<use o_e-eps-converted-to.pdf>
Package pdftex.def Info: o_e-eps-converted-to.pdf used on input line 760.
(pdftex.def)             Requested size: 397.49097pt x 158.99272pt.
Package epstopdf Info: Source file: <b_h.eps>
(epstopdf)                    date: 2014-10-18 10:33:24
(epstopdf)                    size: 199910 bytes
(epstopdf)             Output file: <b_h-eps-converted-to.pdf>
(epstopdf)                    date: 2014-10-18 10:44:06
(epstopdf)                    size: 14265 bytes
(epstopdf)             Command: <repstopdf --outfile=b_h-eps-converted-to.pdf b
_h.eps>
(epstopdf)             \includegraphics on input line 767.
Package epstopdf Info: Output file is already uptodate.

<b_h-eps-converted-to.pdf, id=50, 442.65375pt x 217.81375pt>
File: b_h-eps-converted-to.pdf Graphic file (type pdf)

<use b_h-eps-converted-to.pdf>
Package pdftex.def Info: b_h-eps-converted-to.pdf used on input line 767.
(pdftex.def)             Requested size: 375.82516pt x 144.53854pt.
Package epstopdf Info: Source file: <u_n.eps>
(epstopdf)                    date: 2014-10-18 10:30:27
(epstopdf)                    size: 214871 bytes
(epstopdf)             Output file: <u_n-eps-converted-to.pdf>
(epstopdf)                    date: 2014-10-18 10:43:31
(epstopdf)                    size: 21071 bytes
(epstopdf)             Command: <repstopdf --outfile=u_n-eps-converted-to.pdf u
_n.eps>
(epstopdf)             \includegraphics on input line 774.
Package epstopdf Info: Output file is already uptodate.

<u_n-eps-converted-to.pdf, id=51, 476.78125pt x 217.81375pt>
File: u_n-eps-converted-to.pdf Graphic file (type pdf)

<use u_n-eps-converted-to.pdf>
Package pdftex.def Info: u_n-eps-converted-to.pdf used on input line 774.
(pdftex.def)             Requested size: 375.82368pt x 144.53854pt.
Package epstopdf Info: Source file: <I_i.eps>
(epstopdf)                    date: 2014-10-18 10:34:26
(epstopdf)                    size: 189349 bytes
(epstopdf)             Output file: <I_i-eps-converted-to.pdf>
(epstopdf)                    date: 2014-10-18 10:45:11
(epstopdf)                    size: 18786 bytes
(epstopdf)             Command: <repstopdf --outfile=I_i-eps-converted-to.pdf I
_i.eps>
(epstopdf)             \includegraphics on input line 781.
Package epstopdf Info: Output file is already uptodate.

<I_i-eps-converted-to.pdf, id=52, 418.56375pt x 217.81375pt>
File: I_i-eps-converted-to.pdf Graphic file (type pdf)

<use I_i-eps-converted-to.pdf>
Package pdftex.def Info: I_i-eps-converted-to.pdf used on input line 781.
(pdftex.def)             Requested size: 375.80334pt x 144.53854pt.
Package epstopdf Info: Source file: <l_i.eps>
(epstopdf)                    date: 2014-10-18 10:32:30
(epstopdf)                    size: 231152 bytes
(epstopdf)             Output file: <l_i-eps-converted-to.pdf>
(epstopdf)                    date: 2014-10-18 10:46:42
(epstopdf)                    size: 30304 bytes
(epstopdf)             Command: <repstopdf --outfile=l_i-eps-converted-to.pdf l
_i.eps>
(epstopdf)             \includegraphics on input line 788.
Package epstopdf Info: Output file is already uptodate.

<l_i-eps-converted-to.pdf, id=53, 513.92pt x 217.81375pt>
File: l_i-eps-converted-to.pdf Graphic file (type pdf)

<use l_i-eps-converted-to.pdf>
Package pdftex.def Info: l_i-eps-converted-to.pdf used on input line 788.
(pdftex.def)             Requested size: 375.80934pt x 144.53854pt.

Underfull \hbox (badness 1043) in paragraph at lines 789--789
[]\T1/aer/bx/n/9 Figure 7: Ex-am-ples of l $\OMS/cmsy/m/n/9 !$ \T1/aer/bx/n/9 i
 cor-rec-tions, (l,It; wurnlns,warning; l'-ililng,Repairing; fiprlng,spring;
 []

[7] [8 <./o_e-eps-converted-to.pdf>] [9 <./b_h-eps-converted-to.pdf> <./u_n-eps
-converted-to.pdf> <./I_i-eps-converted-to.pdf>] [10 <./l_i-eps-converted-to.pd
f>] (./sig-alternate.aux) ) 
Here is how much of TeX's memory you used:
 3657 strings out of 493315
 50976 string characters out of 6137903
 124214 words of memory out of 5000000
 7018 multiletter control sequences out of 15000+600000
 53173 words of font info for 70 fonts, out of 8000000 for 9000
 957 hyphenation exceptions out of 8191
 41i,12n,38p,2240b,357s stack positions out of 5000i,500n,10000p,200000b,80000s
{/usr/local/texlive/2013/texmf-dist/fonts/enc/dvips/
base/8r.enc}</usr/local/texlive/2013/texmf-dist/fonts/type1/public/amsfonts/cm/
cmbx9.pfb></usr/local/texlive/2013/texmf-dist/fonts/type1/public/amsfonts/cm/cm
bxti10.pfb></usr/local/texlive/2013/texmf-dist/fonts/type1/public/amsfonts/cmex
tra/cmex9.pfb></usr/local/texlive/2013/texmf-dist/fonts/type1/public/amsfonts/c
m/cmmi5.pfb></usr/local/texlive/2013/texmf-dist/fonts/type1/public/amsfonts/cm/
cmmi6.pfb></usr/local/texlive/2013/texmf-dist/fonts/type1/public/amsfonts/cm/cm
mi9.pfb></usr/local/texlive/2013/texmf-dist/fonts/type1/public/amsfonts/cm/cmr6
.pfb></usr/local/texlive/2013/texmf-dist/fonts/type1/public/amsfonts/cm/cmr9.pf
b></usr/local/texlive/2013/texmf-dist/fonts/type1/public/amsfonts/cm/cmsy6.pfb>
</usr/local/texlive/2013/texmf-dist/fonts/type1/public/amsfonts/cm/cmsy9.pfb></
usr/local/texlive/2013/texmf-dist/fonts/type1/public/amsfonts/cm/cmti9.pfb></us
r/local/texlive/2013/texmf-dist/fonts/type1/urw/helvetic/uhvb8a.pfb></usr/local
/texlive/2013/texmf-dist/fonts/type1/urw/helvetic/uhvr8a.pfb></usr/local/texliv
e/2013/texmf-dist/fonts/type1/urw/times/utmb8a.pfb></usr/local/texlive/2013/tex
mf-dist/fonts/type1/urw/times/utmr8a.pfb></usr/local/texlive/2013/texmf-dist/fo
nts/type1/urw/times/utmri8a.pfb>
Output written on sig-alternate.pdf (10 pages, 957671 bytes).
PDF statistics:
 134 PDF objects out of 1000 (max. 8388607)
 89 compressed objects within 1 object stream
 0 named destinations out of 1000 (max. 500000)
 41 words of extra memory for PDF output out of 10000 (max. 10000000)

