This is pdfTeX, Version 3.1415926-2.5-1.40.14 (TeX Live 2013) (format=pdflatex 2013.10.11)  8 NOV 2013 23:28
entering extended mode
 restricted \write18 enabled.
 file:line:error style messages enabled.
 %&-line parsing enabled.
**ProjectReport_MT11024.tex
(./ProjectReport_MT11024.tex
LaTeX2e <2011/06/27>
Babel <3.9f> and hyphenation patterns for 78 languages loaded.
(/usr/local/texlive/2013/texmf-dist/tex/latex/IEEEtran/IEEEtran.cls
Document Class: IEEEtran 2012/12/27 V1.8 by Michael Shell
-- See the "IEEEtran_HOWTO" manual for usage information.
-- http://www.michaelshell.org/tex/ieeetran/
\@IEEEtrantmpdimenA=\dimen102
\@IEEEtrantmpdimenB=\dimen103
\@IEEEtrantmpcountA=\count79
\@IEEEtrantmpcountB=\count80
\@IEEEtrantmptoksA=\toks14
LaTeX Font Info:    Try loading font information for OT1+ptm on input line 368.

(/usr/local/texlive/2013/texmf-dist/tex/latex/psnfss/ot1ptm.fd
File: ot1ptm.fd 2001/06/04 font definitions for OT1/ptm.
)
-- Using 8.5in x 11in (letter) paper.
-- Using PDF output.
\@IEEEnormalsizeunitybaselineskip=\dimen104
-- This is a 10 point document.
\CLASSINFOnormalsizebaselineskip=\dimen105
\CLASSINFOnormalsizeunitybaselineskip=\dimen106
\IEEEnormaljot=\dimen107
LaTeX Font Info:    Font shape `OT1/ptm/bx/n' in size <5> not available
(Font)              Font shape `OT1/ptm/b/n' tried instead on input line 726.
LaTeX Font Info:    Font shape `OT1/ptm/bx/it' in size <5> not available
(Font)              Font shape `OT1/ptm/b/it' tried instead on input line 726.
LaTeX Font Info:    Font shape `OT1/ptm/bx/n' in size <7> not available
(Font)              Font shape `OT1/ptm/b/n' tried instead on input line 726.
LaTeX Font Info:    Font shape `OT1/ptm/bx/it' in size <7> not available
(Font)              Font shape `OT1/ptm/b/it' tried instead on input line 726.
LaTeX Font Info:    Font shape `OT1/ptm/bx/n' in size <8> not available
(Font)              Font shape `OT1/ptm/b/n' tried instead on input line 726.
LaTeX Font Info:    Font shape `OT1/ptm/bx/it' in size <8> not available
(Font)              Font shape `OT1/ptm/b/it' tried instead on input line 726.
LaTeX Font Info:    Font shape `OT1/ptm/bx/n' in size <9> not available
(Font)              Font shape `OT1/ptm/b/n' tried instead on input line 726.
LaTeX Font Info:    Font shape `OT1/ptm/bx/it' in size <9> not available
(Font)              Font shape `OT1/ptm/b/it' tried instead on input line 726.
LaTeX Font Info:    Font shape `OT1/ptm/bx/n' in size <10> not available
(Font)              Font shape `OT1/ptm/b/n' tried instead on input line 726.
LaTeX Font Info:    Font shape `OT1/ptm/bx/it' in size <10> not available
(Font)              Font shape `OT1/ptm/b/it' tried instead on input line 726.
LaTeX Font Info:    Font shape `OT1/ptm/bx/n' in size <11> not available
(Font)              Font shape `OT1/ptm/b/n' tried instead on input line 726.
LaTeX Font Info:    Font shape `OT1/ptm/bx/it' in size <11> not available
(Font)              Font shape `OT1/ptm/b/it' tried instead on input line 726.
LaTeX Font Info:    Font shape `OT1/ptm/bx/n' in size <12> not available
(Font)              Font shape `OT1/ptm/b/n' tried instead on input line 726.
LaTeX Font Info:    Font shape `OT1/ptm/bx/it' in size <12> not available
(Font)              Font shape `OT1/ptm/b/it' tried instead on input line 726.
LaTeX Font Info:    Font shape `OT1/ptm/bx/n' in size <17> not available
(Font)              Font shape `OT1/ptm/b/n' tried instead on input line 726.
LaTeX Font Info:    Font shape `OT1/ptm/bx/it' in size <17> not available
(Font)              Font shape `OT1/ptm/b/it' tried instead on input line 726.
LaTeX Font Info:    Font shape `OT1/ptm/bx/n' in size <20> not available
(Font)              Font shape `OT1/ptm/b/n' tried instead on input line 726.
LaTeX Font Info:    Font shape `OT1/ptm/bx/it' in size <20> not available
(Font)              Font shape `OT1/ptm/b/it' tried instead on input line 726.
LaTeX Font Info:    Font shape `OT1/ptm/bx/n' in size <24> not available
(Font)              Font shape `OT1/ptm/b/n' tried instead on input line 726.
LaTeX Font Info:    Font shape `OT1/ptm/bx/it' in size <24> not available
(Font)              Font shape `OT1/ptm/b/it' tried instead on input line 726.
\IEEEilabelindentA=\dimen108
\IEEEilabelindentB=\dimen109
\IEEEilabelindent=\dimen110
\IEEEelabelindent=\dimen111
\IEEEdlabelindent=\dimen112
\IEEElabelindent=\dimen113
\IEEEiednormlabelsep=\dimen114
\IEEEiedmathlabelsep=\dimen115
\IEEEiedtopsep=\skip41
\c@section=\count81
\c@subsection=\count82
\c@subsubsection=\count83
\c@paragraph=\count84
\c@IEEEsubequation=\count85
\abovecaptionskip=\skip42
\belowcaptionskip=\skip43
\c@figure=\count86
\c@table=\count87
\@IEEEeqnnumcols=\count88
\@IEEEeqncolcnt=\count89
\@IEEEsubeqnnumrollback=\count90
\@IEEEtmpitemindent=\dimen116
\c@IEEEbiography=\count91
\@IEEEtranrubishbin=\box26
) (/usr/local/texlive/2013/texmf-dist/tex/latex/graphics/graphicx.sty
Package: graphicx 1999/02/16 v1.0f Enhanced LaTeX Graphics (DPC,SPQR)

(/usr/local/texlive/2013/texmf-dist/tex/latex/graphics/keyval.sty
Package: keyval 1999/03/16 v1.13 key=value parser (DPC)
\KV@toks@=\toks15
)
(/usr/local/texlive/2013/texmf-dist/tex/latex/graphics/graphics.sty
Package: graphics 2009/02/05 v1.0o Standard LaTeX Graphics (DPC,SPQR)

(/usr/local/texlive/2013/texmf-dist/tex/latex/graphics/trig.sty
Package: trig 1999/03/16 v1.09 sin cos tan (DPC)
)
(/usr/local/texlive/2013/texmf-dist/tex/latex/latexconfig/graphics.cfg
File: graphics.cfg 2010/04/23 v1.9 graphics configuration of TeX Live
)
Package graphics Info: Driver file: pdftex.def on input line 91.

(/usr/local/texlive/2013/texmf-dist/tex/latex/pdftex-def/pdftex.def
File: pdftex.def 2011/05/27 v0.06d Graphics/color for pdfTeX

(/usr/local/texlive/2013/texmf-dist/tex/generic/oberdiek/infwarerr.sty
Package: infwarerr 2010/04/08 v1.3 Providing info/warning/error messages (HO)
)
(/usr/local/texlive/2013/texmf-dist/tex/generic/oberdiek/ltxcmds.sty
Package: ltxcmds 2011/11/09 v1.22 LaTeX kernel commands for general use (HO)
)
\Gread@gobject=\count92
))
\Gin@req@height=\dimen117
\Gin@req@width=\dimen118
)

LaTeX Warning: Unused global option(s):
    [compsocconf].

(./ProjectReport_MT11024.aux)
\openout1 = `ProjectReport_MT11024.aux'.

LaTeX Font Info:    Checking defaults for OML/cmm/m/it on input line 282.
LaTeX Font Info:    ... okay on input line 282.
LaTeX Font Info:    Checking defaults for T1/cmr/m/n on input line 282.
LaTeX Font Info:    ... okay on input line 282.
LaTeX Font Info:    Checking defaults for OT1/cmr/m/n on input line 282.
LaTeX Font Info:    ... okay on input line 282.
LaTeX Font Info:    Checking defaults for OMS/cmsy/m/n on input line 282.
LaTeX Font Info:    ... okay on input line 282.
LaTeX Font Info:    Checking defaults for OMX/cmex/m/n on input line 282.
LaTeX Font Info:    ... okay on input line 282.
LaTeX Font Info:    Checking defaults for U/cmr/m/n on input line 282.
LaTeX Font Info:    ... okay on input line 282.

(/usr/local/texlive/2013/texmf-dist/tex/context/base/supp-pdf.mkii
[Loading MPS to PDF converter (version 2006.09.02).]
\scratchcounter=\count93
\scratchdimen=\dimen119
\scratchbox=\box27
\nofMPsegments=\count94
\nofMParguments=\count95
\everyMPshowfont=\toks16
\MPscratchCnt=\count96
\MPscratchDim=\dimen120
\MPnumerator=\count97
\makeMPintoPDFobject=\count98
\everyMPtoPDFconversion=\toks17
) (/usr/local/texlive/2013/texmf-dist/tex/generic/oberdiek/pdftexcmds.sty
Package: pdftexcmds 2011/11/29 v0.20 Utility functions of pdfTeX for LuaTeX (HO
)

(/usr/local/texlive/2013/texmf-dist/tex/generic/oberdiek/ifluatex.sty
Package: ifluatex 2010/03/01 v1.3 Provides the ifluatex switch (HO)
Package ifluatex Info: LuaTeX not detected.
)
(/usr/local/texlive/2013/texmf-dist/tex/generic/oberdiek/ifpdf.sty
Package: ifpdf 2011/01/30 v2.3 Provides the ifpdf switch (HO)
Package ifpdf Info: pdfTeX in PDF mode is detected.
)
Package pdftexcmds Info: LuaTeX not detected.
Package pdftexcmds Info: \pdf@primitive is available.
Package pdftexcmds Info: \pdf@ifprimitive is available.
Package pdftexcmds Info: \pdfdraftmode found.
)
(/usr/local/texlive/2013/texmf-dist/tex/latex/oberdiek/epstopdf-base.sty
Package: epstopdf-base 2010/02/09 v2.5 Base part for package epstopdf

(/usr/local/texlive/2013/texmf-dist/tex/latex/oberdiek/grfext.sty
Package: grfext 2010/08/19 v1.1 Manage graphics extensions (HO)

(/usr/local/texlive/2013/texmf-dist/tex/generic/oberdiek/kvdefinekeys.sty
Package: kvdefinekeys 2011/04/07 v1.3 Define keys (HO)
))
(/usr/local/texlive/2013/texmf-dist/tex/latex/oberdiek/kvoptions.sty
Package: kvoptions 2011/06/30 v3.11 Key value format for package options (HO)

(/usr/local/texlive/2013/texmf-dist/tex/generic/oberdiek/kvsetkeys.sty
Package: kvsetkeys 2012/04/25 v1.16 Key value parser (HO)

(/usr/local/texlive/2013/texmf-dist/tex/generic/oberdiek/etexcmds.sty
Package: etexcmds 2011/02/16 v1.5 Avoid name clashes with e-TeX commands (HO)
Package etexcmds Info: Could not find \expanded.
(etexcmds)             That can mean that you are not using pdfTeX 1.50 or
(etexcmds)             that some package has redefined \expanded.
(etexcmds)             In the latter case, load this package earlier.
)))
Package grfext Info: Graphics extension search list:
(grfext)             [.pdf,.jpeg,.png,.eps]
(grfext)             \AppendGraphicsExtensions on input line 452.

(/usr/local/texlive/2013/texmf-dist/tex/latex/latexconfig/epstopdf-sys.cfg
File: epstopdf-sys.cfg 2010/07/13 v1.3 Configuration of (r)epstopdf for TeX Liv
e
))
Underfull \hbox (badness 2261) in paragraph at lines 296--303
\OT1/ptm/b/n/9 method of dig-i-tiz-ing printed texts so that they can be
 []


Underfull \hbox (badness 10000) in paragraph at lines 296--303

 []


Underfull \hbox (badness 3118) in paragraph at lines 311--319
\OT1/ptm/m/n/10 OCR deals with the prob-lem of recog-nis-ing op-ti-cally
 []


Underfull \hbox (badness 4168) in paragraph at lines 311--319
\OT1/ptm/m/n/10 plate read-ers, form read-ers, Sig-na-ture ver-i-fi-ca-tion and

 []


Underfull \hbox (badness 2626) in paragraph at lines 311--319
\OT1/ptm/m/n/10 News-pa-per Ar-ti-cles in the hold-ings of [[]]. One such
 []


Underfull \hbox (badness 1769) in paragraph at lines 311--319
\OT1/ptm/m/n/10 news-pa-per, The Amador Ledger pub-lished in the early
 []


Underfull \hbox (badness 10000) in paragraph at lines 311--319

 []

LaTeX Font Info:    Try loading font information for OML+ptm on input line 326.

(/usr/local/texlive/2013/texmf-dist/tex/latex/psnfss/omlptm.fd
File: omlptm.fd 
)
LaTeX Font Info:    Font shape `OML/ptm/m/n' in size <10> not available
(Font)              Font shape `OML/cmm/m/it' tried instead on input line 326.

Underfull \hbox (badness 10000) in paragraph at lines 325--334
\OML/cmm/m/it/10 <\OT1/ptm/m/n/10 NewTextValue\OML/cmm/m/it/10 >\OT1/ptm/m/n/10
 Largest Plant in the
 []


Underfull \hbox (badness 3849) in paragraph at lines 335--336
\OT1/ptm/m/n/10 For ex-am-ple AL19000105-changes.log in-cludes Amador
 []


Underfull \hbox (badness 10000) in paragraph at lines 335--336

 []

[1{/usr/local/texlive/2013/texmf-var/fonts/map/pdftex/updmap/pdftex.map}


]
Underfull \hbox (badness 2512) in paragraph at lines 355--356
\OT1/ptm/m/n/10 The files in this cor-pus were ex-tracted from the the
 []


Underfull \hbox (badness 2626) in paragraph at lines 355--356
\OT1/ptm/m/n/10 date of the news-pa-per. Fur-ther these name and dates
 []


Underfull \hbox (badness 1540) in paragraph at lines 355--356
\OT1/ptm/m/n/10 were for-mu-lated into a URL. The url for a par-tic-u-lar
 []


Underfull \hbox (badness 1681) in paragraph at lines 355--356
\OT1/ptm/m/n/10 For in-stance, AL19000105-changes.log was con-verted to
 []


Underfull \hbox (badness 10000) in paragraph at lines 355--356
\OT1/ptm/m/n/10 http://chroniclingamerica.loc.gov/lccn/sn93052980/1900-01-
 []


Underfull \hbox (badness 10000) in paragraph at lines 355--356

 []


Underfull \hbox (badness 10000) in paragraph at lines 358--359

 []


Underfull \hbox (badness 10000) in paragraph at lines 361--362

 []


Underfull \hbox (badness 4001) in paragraph at lines 371--373
 \OT1/ptm/m/it/10 1) Log-files: [][] \OT1/ptm/m/n/10 Down-loaded the Log-files 
from the file
 []


Underfull \hbox (badness 10000) in paragraph at lines 371--373
\OT1/ptm/m/n/10 and cor-re-spond-ing cor-rected text be-tween \OML/cmm/m/it/10 
<\OT1/ptm/m/n/10 New-
 []


Underfull \hbox (badness 10000) in paragraph at lines 371--373

 []


Underfull \hbox (badness 10000) in paragraph at lines 375--388
\OT1/ptm/m/n/10 http://chroniclingamerica.loc.gov/lccn/sn93052980/1900-01-
 []


Underfull \hbox (badness 10000) in paragraph at lines 375--388
\OT1/ptm/m/n/10 http://chroniclingamerica.loc.gov/lccn/sn93052980/1900-01-
 []


Underfull \hbox (badness 10000) in paragraph at lines 375--388
\OT1/ptm/m/n/10 http://chroniclingamerica.loc.gov/lccn/sn93052980/1900-01-
 []


Underfull \hbox (badness 10000) in paragraph at lines 375--388
\OT1/ptm/m/n/10 http://chroniclingamerica.loc.gov/lccn/sn93052980/1900-01-
 []


Underfull \hbox (badness 10000) in paragraph at lines 375--388
\OT1/ptm/m/n/10 http://chroniclingamerica.loc.gov/lccn/sn93052980/1900-01-
 []


Underfull \hbox (badness 10000) in paragraph at lines 375--388
\OT1/ptm/m/n/10 http://chroniclingamerica.loc.gov/lccn/sn93052980/1900-01-
 []


Underfull \hbox (badness 10000) in paragraph at lines 375--388
\OT1/ptm/m/n/10 http://chroniclingamerica.loc.gov/lccn/sn93052980/1900-01-
 []


Underfull \hbox (badness 10000) in paragraph at lines 375--388
\OT1/ptm/m/n/10 http://chroniclingamerica.loc.gov/lccn/sn93052980/1900-01-
 []


Underfull \hbox (badness 10000) in paragraph at lines 375--388

 []


Underfull \hbox (badness 10000) in paragraph at lines 390--391

 []


Underfull \hbox (badness 1701) in paragraph at lines 393--396
\OT1/ptm/m/n/10 Lucene's log-i-cal View of In-dex files fea-tures seg-ments
 []


Underfull \hbox (badness 10000) in paragraph at lines 393--396

 []

[2]
Underfull \hbox (badness 3612) in paragraph at lines 399--401
\OT1/ptm/m/n/10 The doc-u-ments re-trieved are ranked ac-cord-ing to the
 []


Underfull \hbox (badness 10000) in paragraph at lines 399--401

 []


Underfull \hbox (badness 10000) in paragraph at lines 403--405

 []


Underfull \hbox (badness 10000) in paragraph at lines 406--417

 []


Underfull \hbox (badness 10000) in paragraph at lines 418--419

 []


Underfull \hbox (badness 10000) in paragraph at lines 420--426

 []

LaTeX Font Info:    External font `cmex10' loaded for size
(Font)              <7> on input line 433.
LaTeX Font Info:    External font `cmex10' loaded for size
(Font)              <5> on input line 433.

Underfull \hbox (badness 3471) in paragraph at lines 430--434
\OT1/ptm/m/n/10 Spearman's co-ef-fi-cient, like any cor-re-la-tion cal-cu-la-ti
on,
 []


Underfull \hbox (badness 10000) in paragraph at lines 430--434

 []


Underfull \hbox (badness 10000) in paragraph at lines 435--437

 []


Overfull \hbox (8.04152pt too wide) in paragraph at lines 440--454
[][] 
 []


Underfull \hbox (badness 10000) in paragraph at lines 440--454

 []


Underfull \hbox (badness 10000) in paragraph at lines 440--454

 []


Overfull \hbox (8.04152pt too wide) in paragraph at lines 457--471
[][] 
 []


Underfull \hbox (badness 10000) in paragraph at lines 457--471

 []


Underfull \hbox (badness 10000) in paragraph at lines 457--471

 []


Underfull \hbox (badness 2970) in paragraph at lines 472--474
[]\OT1/ptm/m/n/10 The av-er-age value of Spear-man's ranked cor-re-la-tion
 []


Underfull \hbox (badness 10000) in paragraph at lines 472--474

 []

[3]
Underfull \hbox (badness 10000) in paragraph at lines 481--482

 []


Underfull \hbox (badness 10000) in paragraph at lines 487--489

 []


Underfull \hbox (badness 10000) in paragraph at lines 493--494

 []

(./ProjectReport_MT11024.bbl)

** Conference Paper **
Before submitting the final camera ready copy, remember to:

 1. Manually equalize the lengths of two columns on the last page
 of your paper;

 2. Ensure that any PostScript and/or PDF output post-processing
 uses only Type 1 fonts and that every step in the generation
 process uses the appropriate paper size.

[4

] (./ProjectReport_MT11024.aux) ) 
Here is how much of TeX's memory you used:
 2196 strings out of 493315
 35632 string characters out of 6137903
 102437 words of memory out of 5000000
 5648 multiletter control sequences out of 15000+600000
 33007 words of font info for 62 fonts, out of 8000000 for 9000
 960 hyphenation exceptions out of 8191
 37i,8n,23p,837b,238s stack positions out of 5000i,500n,10000p,200000b,80000s
{/usr/local/texlive/2013/texmf-dist/fonts/enc/
dvips/base/8r.enc}</usr/local/texlive/2013/texmf-dist/fonts/type1/public/amsfon
ts/cm/cmex10.pfb></usr/local/texlive/2013/texmf-dist/fonts/type1/public/amsfont
s/cm/cmmi10.pfb></usr/local/texlive/2013/texmf-dist/fonts/type1/public/amsfonts
/cm/cmmi5.pfb></usr/local/texlive/2013/texmf-dist/fonts/type1/public/amsfonts/c
m/cmmi7.pfb></usr/local/texlive/2013/texmf-dist/fonts/type1/public/amsfonts/cm/
cmr5.pfb></usr/local/texlive/2013/texmf-dist/fonts/type1/public/amsfonts/cm/cmr
7.pfb></usr/local/texlive/2013/texmf-dist/fonts/type1/public/amsfonts/cm/cmsy7.
pfb></usr/local/texlive/2013/texmf-dist/fonts/type1/urw/times/utmb8a.pfb></usr/
local/texlive/2013/texmf-dist/fonts/type1/urw/times/utmbi8a.pfb></usr/local/tex
live/2013/texmf-dist/fonts/type1/urw/times/utmr8a.pfb></usr/local/texlive/2013/
texmf-dist/fonts/type1/urw/times/utmri8a.pfb>
Output written on ProjectReport_MT11024.pdf (4 pages, 125077 bytes).
PDF statistics:
 62 PDF objects out of 1000 (max. 8388607)
 44 compressed objects within 1 object stream
 0 named destinations out of 1000 (max. 500000)
 1 words of extra memory for PDF output out of 10000 (max. 10000000)

